  Using bundled DotNet SDK
  Log file: C:\Users\emrantokhi\AppData\Local\UnrealBuildTool\Log.txt
  Using 'git status' to determine working set for adaptive non-unity build (C:\Users\emrantokhi\Documents\School\Self Learning\unreal\unreal-games).
  Building SimpleShooterEditor...
  Using Visual Studio 2022 14.31.31106 toolchain (C:\Program Files\Microsoft Visual Studio\2022\Community\VC\Tools\MSVC\14.31.31103) and Windows 10.0.19041.0 SDK (C:\Program Files (x86)\Windows Kits\10).
  [Adaptive Build] Excluded from SimpleShooter unity file: ShooterCharacter.cpp, ShooterCharacterController.cpp
  Determining max actions to execute in parallel (16 physical cores, 32 logical cores)
    Executing up to 16 processes, one per physical core
    Requested 1.5 GB free memory per action, 17.54 GB available: limiting max parallel actions to 11
  Building 7 actions with 7 processes...
  [1/7] Compile SimpleShooter.init.gen.cpp
  [2/7] Compile ShooterCharacterController.gen.cpp
  [3/7] Compile ShooterCharacter.cpp
  [4/7] Compile ShooterCharacterController.cpp
  [5/7] Link UnrealEditor-SimpleShooter.lib
     Creating library C:\Users\emrantokhi\Documents\School\Self Learning\unreal\unreal-games\SimpleShooter\Intermediate\Build\Win64\UnrealEditor\Development\SimpleShooter\UnrealEditor-SimpleShooter.lib and object C:\Users\emrantokhi\Documents\School\Self Learning\unreal\unreal-games\SimpleShooter\Intermediate\Build\Win64\UnrealEditor\Development\SimpleShooter\UnrealEditor-SimpleShooter.exp
  [6/7] Link UnrealEditor-SimpleShooter.dll
     Creating library C:\Users\emrantokhi\Documents\School\Self Learning\unreal\unreal-games\SimpleShooter\Intermediate\Build\Win64\UnrealEditor\Development\SimpleShooter\UnrealEditor-SimpleShooter.suppressed.lib and object C:\Users\emrantokhi\Documents\School\Self Learning\unreal\unreal-games\SimpleShooter\Intermediate\Build\Win64\UnrealEditor\Development\SimpleShooter\UnrealEditor-SimpleShooter.suppressed.exp
  [7/7] WriteMetadata SimpleShooterEditor.target
  Total time in Parallel executor: 5.83 seconds
  Total execution time: 6.42 seconds
