Log file open, 03/17/22 22:15:52
LogWindows: Failed to load 'aqProf.dll' (GetLastError=126)
LogWindows: File 'aqProf.dll' does not exist
LogWindows: Failed to load 'VtuneApi.dll' (GetLastError=126)
LogWindows: File 'VtuneApi.dll' does not exist
LogWindows: Failed to load 'VtuneApi32e.dll' (GetLastError=126)
LogWindows: File 'VtuneApi32e.dll' does not exist
LogConsoleResponse: Display: Failed to find resolution value strings in scalability ini. Falling back to default.
LogConsoleResponse: Display: Failed to find resolution value strings in scalability ini. Falling back to default.
LogInit: Display: Running engine for game: ToonTanks
LogPlatformFile: Not using cached read wrapper
LogTaskGraph: Started task graph with 5 named threads and 83 total threads with 3 sets of task threads.
LogStats: Stats thread started at 0.188012
LogICUInternationalization: ICU TimeZone Detection - Raw Offset: -8:00, Platform Override: ''
LogInit: Display: Loading text-based GConfig....
LogPluginManager: Mounting plugin MeshPainting
LogPluginManager: Mounting plugin XGEController
LogPluginManager: Mounting plugin Paper2D
LogPluginManager: Mounting plugin LiveLink
LogPluginManager: Mounting plugin EnvironmentQueryEditor
LogPluginManager: Mounting plugin CameraShakePreviewer
LogPluginManager: Mounting plugin AISupport
LogPluginManager: Mounting plugin LightPropagationVolume
LogPluginManager: Mounting plugin AssetManagerEditor
LogPluginManager: Mounting plugin CryptoKeys
LogPluginManager: Mounting plugin GameplayCameras
LogPluginManager: Mounting plugin OodleData
LogPluginManager: Mounting plugin OodleNetwork
LogPluginManager: Mounting plugin FacialAnimation
LogPluginManager: Mounting plugin DataValidation
LogPluginManager: Mounting plugin CurveEditorTools
LogPluginManager: Mounting plugin GeometryMode
LogPluginManager: Mounting plugin GameplayTagsEditor
LogPluginManager: Mounting plugin MacGraphicsSwitching
LogPluginManager: Mounting plugin MaterialAnalyzer
LogPluginManager: Mounting plugin PluginBrowser
LogPluginManager: Mounting plugin SpeedTreeImporter
LogPluginManager: Mounting plugin MobileLauncherProfileWizard
LogPluginManager: Mounting plugin DatasmithContent
LogPluginManager: Mounting plugin Niagara
LogPluginManager: Mounting plugin CLionSourceCodeAccess
LogPluginManager: Mounting plugin VariantManagerContent
LogPluginManager: Mounting plugin KDevelopSourceCodeAccess
LogPluginManager: Mounting plugin CodeLiteSourceCodeAccess
LogPluginManager: Mounting plugin GitSourceControl
LogPluginManager: Mounting plugin NullSourceCodeAccess
LogPluginManager: Mounting plugin PixWinPlugin
LogPluginManager: Mounting plugin SubversionSourceControl
LogPluginManager: Mounting plugin AnimationSharing
LogPluginManager: Mounting plugin PropertyAccessNode
LogPluginManager: Mounting plugin VisualStudioCodeSourceCodeAccess
LogPluginManager: Mounting plugin VisualStudioSourceCodeAccess
LogPluginManager: Mounting plugin MagicLeap
LogPluginManager: Mounting plugin RiderSourceCodeAccess
LogPluginManager: Mounting plugin PluginUtils
LogPluginManager: Mounting plugin XCodeSourceCodeAccess
LogPluginManager: Mounting plugin LuminPlatformFeatures
LogPluginManager: Mounting plugin PerforceSourceControl
LogPluginManager: Mounting plugin MagicLeapLightEstimation
LogPluginManager: Mounting plugin AutomationUtils
LogPluginManager: Mounting plugin MagicLeapPassableWorld
LogPluginManager: Mounting plugin PlasticSourceControl
LogPluginManager: Mounting plugin TextureFormatOodle
LogPluginManager: Mounting plugin MagicLeapMedia
LogPluginManager: Mounting plugin ChaosCloth
LogPluginManager: Mounting plugin UObjectPlugin
LogPluginManager: Mounting plugin BackChannel
LogPluginManager: Mounting plugin AlembicImporter
LogPluginManager: Mounting plugin ChaosSolverPlugin
LogPluginManager: Mounting plugin ChaosClothEditor
LogPluginManager: Mounting plugin ChaosNiagara
LogPluginManager: Mounting plugin CharacterAI
LogPluginManager: Mounting plugin MLSDK
LogPluginManager: Mounting plugin TcpMessaging
LogPluginManager: Mounting plugin UdpMessaging
LogPluginManager: Mounting plugin GeometryCache
LogPluginManager: Mounting plugin GeometryCollectionPlugin
LogPluginManager: Mounting plugin ChaosEditor
LogPluginManager: Mounting plugin GeometryProcessing
LogPluginManager: Mounting plugin OpenImageDenoise
LogPluginManager: Mounting plugin MotoSynth
LogPluginManager: Mounting plugin PlatformCrypto
LogPluginManager: Mounting plugin ProxyLODPlugin
LogPluginManager: Mounting plugin PlanarCut
LogPluginManager: Mounting plugin AndroidMedia
LogPluginManager: Mounting plugin AvfMedia
LogPluginManager: Mounting plugin PythonScriptPlugin
LogPluginManager: Mounting plugin MediaPlayerEditor
LogPluginManager: Mounting plugin MediaCompositing
LogPluginManager: Mounting plugin ImgMedia
LogPluginManager: Mounting plugin WmfMedia
LogPluginManager: Mounting plugin SkeletalReduction
LogPluginManager: Mounting plugin WebMMedia
LogPluginManager: Mounting plugin AndroidDeviceProfileSelector
LogPluginManager: Mounting plugin AppleImageUtils
LogPluginManager: Mounting plugin ArchVisCharacter
LogPluginManager: Mounting plugin AppleMoviePlayer
LogPluginManager: Mounting plugin AndroidPermission
LogPluginManager: Mounting plugin AndroidMoviePlayer
LogPluginManager: Mounting plugin ActorLayerUtilities
LogPluginManager: Mounting plugin AssetTags
LogPluginManager: Mounting plugin CableComponent
LogPluginManager: Mounting plugin ChunkDownloader
LogPluginManager: Mounting plugin AudioSynesthesia
LogPluginManager: Mounting plugin AudioCapture
LogPluginManager: Mounting plugin ExampleDeviceProfileSelector
LogPluginManager: Mounting plugin CustomMeshComponent
LogPluginManager: Mounting plugin EditableMesh
LogPluginManager: Mounting plugin OnlineSubsystemNull
LogPluginManager: Mounting plugin OnlineSubsystem
LogPluginManager: Mounting plugin OnlineSubsystemUtils
LogPluginManager: Mounting plugin GooglePAD
LogPluginManager: Mounting plugin IOSDeviceProfileSelector
LogPluginManager: Mounting plugin GoogleCloudMessaging
LogPluginManager: Mounting plugin LinuxDeviceProfileSelector
LogPluginManager: Mounting plugin LocationServicesBPLibrary
LogPluginManager: Mounting plugin MobilePatchingUtils
LogPluginManager: Mounting plugin OpenXR
LogPluginManager: Mounting plugin MatineeToLevelSequence
LogPluginManager: Mounting plugin LevelSequenceEditor
LogPluginManager: Mounting plugin OpenXREyeTracker
LogPluginManager: Mounting plugin ActorSequence
LogPluginManager: Mounting plugin OpenXRHandTracking
LogPluginManager: Mounting plugin PostSplashScreen
LogPluginManager: Mounting plugin PhysXVehicles
LogPluginManager: Mounting plugin SignificanceManager
LogPluginManager: Mounting plugin TemplateSequence
LogPluginManager: Mounting plugin ProceduralMeshComponent
LogPluginManager: Mounting plugin SoundFields
LogPluginManager: Mounting plugin RuntimePhysXCooking
LogPluginManager: Mounting plugin LauncherChunkInstaller
LogPluginManager: Mounting plugin PropertyAccessEditor
LogPluginManager: Mounting plugin ScreenshotTools
LogPluginManager: Mounting plugin Synthesis
LogPluginManager: Mounting plugin WebMMoviePlayer
LogPluginManager: Mounting plugin WindowsMoviePlayer
LogPluginManager: Mounting plugin Takes
LogPluginManager: Mounting plugin ContentBrowserAssetDataSource
LogPluginManager: Mounting plugin ContentBrowserClassDataSource
LogPluginManager: Mounting plugin ContentBrowserFileDataSource
LogPluginManager: Mounting plugin OnlineSubsystemIOS
LogPluginManager: Mounting plugin OnlineSubsystemGooglePlay
PixWinPlugin: PIX capture plugin failed to initialize! Check that the process is launched from PIX.
LogInit: Using libcurl 7.55.1-DEV
LogInit:  - built for x86_64-pc-win32
LogInit:  - supports SSL with OpenSSL/1.1.1
LogInit:  - supports HTTP deflate (compression) using libz 1.2.8
LogInit:  - other features:
LogInit:      CURL_VERSION_SSL
LogInit:      CURL_VERSION_LIBZ
LogInit:      CURL_VERSION_IPV6
LogInit:      CURL_VERSION_ASYNCHDNS
LogInit:      CURL_VERSION_LARGEFILE
LogInit:      CURL_VERSION_IDN
LogInit:  CurlRequestOptions (configurable via config and command line):
LogInit:  - bVerifyPeer = true  - Libcurl will verify peer certificate
LogInit:  - bUseHttpProxy = false  - Libcurl will NOT use HTTP proxy
LogInit:  - bDontReuseConnections = false  - Libcurl will reuse connections
LogInit:  - MaxHostConnections = 16  - Libcurl will limit the number of connections to a host
LogInit:  - LocalHostAddr = Default
LogInit:  - BufferSize = 65536
LogOnline: OSS: Creating online subsystem instance for: NULL
LogInit: WinSock: version 1.1 (2.2), MaxSocks=32767, MaxUdp=65467
LogOnline: OSS: TryLoadSubsystemAndSetDefault: Loaded subsystem for module [NULL]
LogInit: Build: ++UE4+Release-4.27-CL-17735300
LogInit: Engine Version: 4.27.1-17735300+++UE4+Release-4.27
LogInit: Compatible Engine Version: 4.27.0-17155196+++UE4+Release-4.27
LogInit: Net CL: 17155196
LogInit: OS: Windows 10 (Release 2009) (), CPU: AMD Ryzen 9 5950X 16-Core Processor            , GPU: NVIDIA GeForce RTX 3090
LogInit: Compiled (64-bit): Oct  6 2021 14:42:51
LogInit: Compiled with Visual C++: 19.24.28315.00
LogInit: Build Configuration: Development
LogInit: Branch Name: ++UE4+Release-4.27
LogInit: Command Line: 
LogInit: Base Directory: C:/Program Files/Epic Games/UE_4.27/Engine/Binaries/Win64/
LogInit: Allocator: TBB
LogInit: Installed Engine Build: 1
LogDevObjectVersion: Number of dev versions registered: 29
LogDevObjectVersion:   Dev-Blueprints (B0D832E4-1F89-4F0D-ACCF-7EB736FD4AA2): 10
LogDevObjectVersion:   Dev-Build (E1C64328-A22C-4D53-A36C-8E866417BD8C): 0
LogDevObjectVersion:   Dev-Core (375EC13C-06E4-48FB-B500-84F0262A717E): 4
LogDevObjectVersion:   Dev-Editor (E4B068ED-F494-42E9-A231-DA0B2E46BB41): 40
LogDevObjectVersion:   Dev-Framework (CFFC743F-43B0-4480-9391-14DF171D2073): 37
LogDevObjectVersion:   Dev-Mobile (B02B49B5-BB20-44E9-A304-32B752E40360): 3
LogDevObjectVersion:   Dev-Networking (A4E4105C-59A1-49B5-A7C5-40C4547EDFEE): 0
LogDevObjectVersion:   Dev-Online (39C831C9-5AE6-47DC-9A44-9C173E1C8E7C): 0
LogDevObjectVersion:   Dev-Physics (78F01B33-EBEA-4F98-B9B4-84EACCB95AA2): 14
LogDevObjectVersion:   Dev-Platform (6631380F-2D4D-43E0-8009-CF276956A95A): 0
LogDevObjectVersion:   Dev-Rendering (12F88B9F-8875-4AFC-A67C-D90C383ABD29): 45
LogDevObjectVersion:   Dev-Sequencer (7B5AE74C-D270-4C10-A958-57980B212A5A): 13
LogDevObjectVersion:   Dev-VR (D7296918-1DD6-4BDD-9DE2-64A83CC13884): 3
LogDevObjectVersion:   Dev-LoadTimes (C2A15278-BFE7-4AFE-6C17-90FF531DF755): 1
LogDevObjectVersion:   Private-Geometry (6EACA3D4-40EC-4CC1-B786-8BED09428FC5): 3
LogDevObjectVersion:   Dev-AnimPhys (29E575DD-E0A3-4627-9D10-D276232CDCEA): 17
LogDevObjectVersion:   Dev-Anim (AF43A65D-7FD3-4947-9873-3E8ED9C1BB05): 15
LogDevObjectVersion:   Dev-ReflectionCapture (6B266CEC-1EC7-4B8F-A30B-E4D90942FC07): 1
LogDevObjectVersion:   Dev-Automation (0DF73D61-A23F-47EA-B727-89E90C41499A): 1
LogDevObjectVersion:   FortniteMain (601D1886-AC64-4F84-AA16-D3DE0DEAC7D6): 47
LogDevObjectVersion:   FortniteRelease (E7086368-6B23-4C58-8439-1B7016265E91): 1
LogDevObjectVersion:   Dev-Enterprise (9DFFBCD6-494F-0158-E221-12823C92A888): 10
LogDevObjectVersion:   Dev-Niagara (F2AED0AC-9AFE-416F-8664-AA7FFA26D6FC): 1
LogDevObjectVersion:   Dev-Destruction (174F1F0B-B4C6-45A5-B13F-2EE8D0FB917D): 10
LogDevObjectVersion:   Dev-Physics-Ext (35F94A83-E258-406C-A318-09F59610247C): 41
LogDevObjectVersion:   Dev-PhysicsMaterial-Chaos (B68FC16E-8B1B-42E2-B453-215C058844FE): 1
LogDevObjectVersion:   Dev-CineCamera (B2E18506-4273-CFC2-A54E-F4BB758BBA07): 1
LogDevObjectVersion:   Dev-VirtualProduction (64F58936-FD1B-42BA-BA96-7289D5D0FA4E): 1
LogDevObjectVersion:   Dev-MediaFramework (6F0ED827-A609-4895-9C91-998D90180EA4): 2
LogInit: Presizing for max 25165824 objects, including 0 objects not considered by GC, pre-allocating 0 bytes for permanent pool.
LogConfig: Applying CVar settings from Section [/Script/Engine.StreamingSettings] File [C:/Users/emrantokhi/Documents/School/Self Learning/unreal/unreal-games/ToonTanks/Saved/Config/Windows/Engine.ini]
LogConfig: Setting CVar [[s.MinBulkDataSizeForAsyncLoading:131072]]
LogConfig: Setting CVar [[s.AsyncLoadingThreadEnabled:0]]
LogConfig: Setting CVar [[s.EventDrivenLoaderEnabled:1]]
LogConfig: Setting CVar [[s.WarnIfTimeLimitExceeded:0]]
LogConfig: Setting CVar [[s.TimeLimitExceededMultiplier:1.5]]
LogConfig: Setting CVar [[s.TimeLimitExceededMinTime:0.005]]
LogConfig: Setting CVar [[s.UseBackgroundLevelStreaming:1]]
LogConfig: Setting CVar [[s.PriorityAsyncLoadingExtraTime:15.0]]
LogConfig: Setting CVar [[s.LevelStreamingActorsUpdateTimeLimit:5.0]]
LogConfig: Setting CVar [[s.PriorityLevelStreamingActorsUpdateExtraTime:5.0]]
LogConfig: Setting CVar [[s.LevelStreamingComponentsRegistrationGranularity:10]]
LogConfig: Setting CVar [[s.UnregisterComponentsTimeLimit:1.0]]
LogConfig: Setting CVar [[s.LevelStreamingComponentsUnregistrationGranularity:5]]
LogConfig: Setting CVar [[s.FlushStreamingOnExit:1]]
LogInit: Object subsystem initialized
LogConfig: Setting CVar [[con.DebugEarlyDefault:1]]
LogConfig: Setting CVar [[r.setres:1280x720]]
[2022.03.18-05.15.52:551][  0]LogConfig: Setting CVar [[r.VSync:0]]
[2022.03.18-05.15.52:551][  0]LogConfig: Setting CVar [[r.RHICmdBypass:0]]
[2022.03.18-05.15.52:551][  0]LogConfig: Applying CVar settings from Section [/Script/Engine.RendererSettings] File [C:/Users/emrantokhi/Documents/School/Self Learning/unreal/unreal-games/ToonTanks/Saved/Config/Windows/Engine.ini]
[2022.03.18-05.15.52:551][  0]LogConfig: Setting CVar [[r.GPUCrashDebugging:0]]
[2022.03.18-05.15.52:551][  0]LogConfig: Applying CVar settings from Section [/Script/Engine.RendererOverrideSettings] File [C:/Users/emrantokhi/Documents/School/Self Learning/unreal/unreal-games/ToonTanks/Saved/Config/Windows/Engine.ini]
[2022.03.18-05.15.52:551][  0]LogConfig: Applying CVar settings from Section [/Script/Engine.StreamingSettings] File [C:/Users/emrantokhi/Documents/School/Self Learning/unreal/unreal-games/ToonTanks/Saved/Config/Windows/Engine.ini]
[2022.03.18-05.15.52:551][  0]LogConfig: Setting CVar [[s.MinBulkDataSizeForAsyncLoading:131072]]
[2022.03.18-05.15.52:551][  0]LogConfig: Setting CVar [[s.AsyncLoadingThreadEnabled:0]]
[2022.03.18-05.15.52:551][  0]LogConfig: Setting CVar [[s.EventDrivenLoaderEnabled:1]]
[2022.03.18-05.15.52:551][  0]LogConfig: Setting CVar [[s.WarnIfTimeLimitExceeded:0]]
[2022.03.18-05.15.52:551][  0]LogConfig: Setting CVar [[s.TimeLimitExceededMultiplier:1.5]]
[2022.03.18-05.15.52:551][  0]LogConfig: Setting CVar [[s.TimeLimitExceededMinTime:0.005]]
[2022.03.18-05.15.52:551][  0]LogConfig: Setting CVar [[s.UseBackgroundLevelStreaming:1]]
[2022.03.18-05.15.52:551][  0]LogConfig: Setting CVar [[s.PriorityAsyncLoadingExtraTime:15.0]]
[2022.03.18-05.15.52:551][  0]LogConfig: Setting CVar [[s.LevelStreamingActorsUpdateTimeLimit:5.0]]
[2022.03.18-05.15.52:551][  0]LogConfig: Setting CVar [[s.PriorityLevelStreamingActorsUpdateExtraTime:5.0]]
[2022.03.18-05.15.52:551][  0]LogConfig: Setting CVar [[s.LevelStreamingComponentsRegistrationGranularity:10]]
[2022.03.18-05.15.52:551][  0]LogConfig: Setting CVar [[s.UnregisterComponentsTimeLimit:1.0]]
[2022.03.18-05.15.52:551][  0]LogConfig: Setting CVar [[s.LevelStreamingComponentsUnregistrationGranularity:5]]
[2022.03.18-05.15.52:551][  0]LogConfig: Setting CVar [[s.FlushStreamingOnExit:1]]
[2022.03.18-05.15.52:551][  0]LogConfig: Applying CVar settings from Section [/Script/Engine.GarbageCollectionSettings] File [C:/Users/emrantokhi/Documents/School/Self Learning/unreal/unreal-games/ToonTanks/Saved/Config/Windows/Engine.ini]
[2022.03.18-05.15.52:551][  0]LogConfig: Setting CVar [[gc.MaxObjectsNotConsideredByGC:1]]
[2022.03.18-05.15.52:551][  0]LogConfig: Setting CVar [[gc.SizeOfPermanentObjectPool:0]]
[2022.03.18-05.15.52:551][  0]LogConfig: Setting CVar [[gc.FlushStreamingOnGC:0]]
[2022.03.18-05.15.52:552][  0]LogConfig: Setting CVar [[gc.NumRetriesBeforeForcingGC:10]]
[2022.03.18-05.15.52:552][  0]LogConfig: Setting CVar [[gc.AllowParallelGC:1]]
[2022.03.18-05.15.52:552][  0]LogConfig: Setting CVar [[gc.TimeBetweenPurgingPendingKillObjects:61.1]]
[2022.03.18-05.15.52:552][  0]LogConfig: Setting CVar [[gc.MaxObjectsInEditor:25165824]]
[2022.03.18-05.15.52:552][  0]LogConfig: Setting CVar [[gc.IncrementalBeginDestroyEnabled:1]]
[2022.03.18-05.15.52:552][  0]LogConfig: Setting CVar [[gc.CreateGCClusters:1]]
[2022.03.18-05.15.52:552][  0]LogConfig: Setting CVar [[gc.MinGCClusterSize:5]]
[2022.03.18-05.15.52:552][  0]LogConfig: Setting CVar [[gc.ActorClusteringEnabled:0]]
[2022.03.18-05.15.52:552][  0]LogConfig: Setting CVar [[gc.BlueprintClusteringEnabled:0]]
[2022.03.18-05.15.52:552][  0]LogConfig: Setting CVar [[gc.UseDisregardForGCOnDedicatedServers:0]]
[2022.03.18-05.15.52:552][  0]LogConfig: Setting CVar [[gc.MultithreadedDestructionEnabled:1]]
[2022.03.18-05.15.52:552][  0]LogConfig: Applying CVar settings from Section [/Script/Engine.NetworkSettings] File [C:/Users/emrantokhi/Documents/School/Self Learning/unreal/unreal-games/ToonTanks/Saved/Config/Windows/Engine.ini]
[2022.03.18-05.15.52:552][  0]LogConfig: Applying CVar settings from Section [/Script/UnrealEd.CookerSettings] File [C:/Users/emrantokhi/Documents/School/Self Learning/unreal/unreal-games/ToonTanks/Saved/Config/Windows/Engine.ini]
[2022.03.18-05.15.52:582][  0]LogConfig: Applying CVar settings from Section [ViewDistanceQuality@3] File [C:/Users/emrantokhi/Documents/School/Self Learning/unreal/unreal-games/ToonTanks/Saved/Config/Windows/Scalability.ini]
[2022.03.18-05.15.52:582][  0]LogConfig: Setting CVar [[r.SkeletalMeshLODBias:0]]
[2022.03.18-05.15.52:582][  0]LogConfig: Setting CVar [[r.ViewDistanceScale:1.0]]
[2022.03.18-05.15.52:582][  0]LogConfig: Applying CVar settings from Section [AntiAliasingQuality@3] File [C:/Users/emrantokhi/Documents/School/Self Learning/unreal/unreal-games/ToonTanks/Saved/Config/Windows/Scalability.ini]
[2022.03.18-05.15.52:582][  0]LogConfig: Setting CVar [[r.PostProcessAAQuality:4]]
[2022.03.18-05.15.52:582][  0]LogConfig: Applying CVar settings from Section [ShadowQuality@3] File [C:/Users/emrantokhi/Documents/School/Self Learning/unreal/unreal-games/ToonTanks/Saved/Config/Windows/Scalability.ini]
[2022.03.18-05.15.52:582][  0]LogConfig: Setting CVar [[r.LightFunctionQuality:1]]
[2022.03.18-05.15.52:582][  0]LogConfig: Setting CVar [[r.ShadowQuality:5]]
[2022.03.18-05.15.52:582][  0]LogConfig: Setting CVar [[r.Shadow.CSM.MaxCascades:10]]
[2022.03.18-05.15.52:582][  0]LogConfig: Setting CVar [[r.Shadow.MaxResolution:2048]]
[2022.03.18-05.15.52:582][  0]LogConfig: Setting CVar [[r.Shadow.MaxCSMResolution:2048]]
[2022.03.18-05.15.52:582][  0]LogConfig: Setting CVar [[r.Shadow.RadiusThreshold:0.01]]
[2022.03.18-05.15.52:582][  0]LogConfig: Setting CVar [[r.Shadow.DistanceScale:1.0]]
[2022.03.18-05.15.52:582][  0]LogConfig: Setting CVar [[r.Shadow.CSM.TransitionScale:1.0]]
[2022.03.18-05.15.52:582][  0]LogConfig: Setting CVar [[r.Shadow.PreShadowResolutionFactor:1.0]]
[2022.03.18-05.15.52:582][  0]LogConfig: Setting CVar [[r.DistanceFieldShadowing:1]]
[2022.03.18-05.15.52:582][  0]LogConfig: Setting CVar [[r.DistanceFieldAO:1]]
[2022.03.18-05.15.52:582][  0]LogConfig: Setting CVar [[r.AOQuality:2]]
[2022.03.18-05.15.52:582][  0]LogConfig: Setting CVar [[r.VolumetricFog:1]]
[2022.03.18-05.15.52:582][  0]LogConfig: Setting CVar [[r.VolumetricFog.GridPixelSize:8]]
[2022.03.18-05.15.52:582][  0]LogConfig: Setting CVar [[r.VolumetricFog.GridSizeZ:128]]
[2022.03.18-05.15.52:582][  0]LogConfig: Setting CVar [[r.VolumetricFog.HistoryMissSupersampleCount:4]]
[2022.03.18-05.15.52:582][  0]LogConfig: Setting CVar [[r.LightMaxDrawDistanceScale:1]]
[2022.03.18-05.15.52:582][  0]LogConfig: Setting CVar [[r.CapsuleShadows:1]]
[2022.03.18-05.15.52:582][  0]LogConfig: Applying CVar settings from Section [PostProcessQuality@3] File [C:/Users/emrantokhi/Documents/School/Self Learning/unreal/unreal-games/ToonTanks/Saved/Config/Windows/Scalability.ini]
[2022.03.18-05.15.52:582][  0]LogConfig: Setting CVar [[r.MotionBlurQuality:4]]
[2022.03.18-05.15.52:582][  0]LogConfig: Setting CVar [[r.AmbientOcclusionMipLevelFactor:0.4]]
[2022.03.18-05.15.52:582][  0]LogConfig: Setting CVar [[r.AmbientOcclusionMaxQuality:100]]
[2022.03.18-05.15.52:582][  0]LogConfig: Setting CVar [[r.AmbientOcclusionLevels:-1]]
[2022.03.18-05.15.52:582][  0]LogConfig: Setting CVar [[r.AmbientOcclusionRadiusScale:1.0]]
[2022.03.18-05.15.52:582][  0]LogConfig: Setting CVar [[r.DepthOfFieldQuality:2]]
[2022.03.18-05.15.52:582][  0]LogConfig: Setting CVar [[r.RenderTargetPoolMin:400]]
[2022.03.18-05.15.52:582][  0]LogConfig: Setting CVar [[r.LensFlareQuality:2]]
[2022.03.18-05.15.52:582][  0]LogConfig: Setting CVar [[r.SceneColorFringeQuality:1]]
[2022.03.18-05.15.52:582][  0]LogConfig: Setting CVar [[r.EyeAdaptationQuality:2]]
[2022.03.18-05.15.52:582][  0]LogConfig: Setting CVar [[r.BloomQuality:5]]
[2022.03.18-05.15.52:582][  0]LogConfig: Setting CVar [[r.FastBlurThreshold:100]]
[2022.03.18-05.15.52:582][  0]LogConfig: Setting CVar [[r.Upscale.Quality:3]]
[2022.03.18-05.15.52:582][  0]LogConfig: Setting CVar [[r.Tonemapper.GrainQuantization:1]]
[2022.03.18-05.15.52:582][  0]LogConfig: Setting CVar [[r.LightShaftQuality:1]]
[2022.03.18-05.15.52:582][  0]LogConfig: Setting CVar [[r.Filter.SizeScale:1]]
[2022.03.18-05.15.52:582][  0]LogConfig: Setting CVar [[r.Tonemapper.Quality:5]]
[2022.03.18-05.15.52:582][  0]LogConfig: Setting CVar [[r.DOF.Gather.AccumulatorQuality:1        ; higher gathering accumulator quality]]
[2022.03.18-05.15.52:582][  0]LogConfig: Setting CVar [[r.DOF.Gather.PostfilterMethod:1          ; Median3x3 postfilering method]]
[2022.03.18-05.15.52:582][  0]LogConfig: Setting CVar [[r.DOF.Gather.EnableBokehSettings:0       ; no bokeh simulation when gathering]]
[2022.03.18-05.15.52:582][  0]LogConfig: Setting CVar [[r.DOF.Gather.RingCount:4                 ; medium number of samples when gathering]]
[2022.03.18-05.15.52:582][  0]LogConfig: Setting CVar [[r.DOF.Scatter.ForegroundCompositing:1    ; additive foreground scattering]]
[2022.03.18-05.15.52:582][  0]LogConfig: Setting CVar [[r.DOF.Scatter.BackgroundCompositing:2    ; additive background scattering]]
[2022.03.18-05.15.52:582][  0]LogConfig: Setting CVar [[r.DOF.Scatter.EnableBokehSettings:1      ; bokeh simulation when scattering]]
[2022.03.18-05.15.52:582][  0]LogConfig: Setting CVar [[r.DOF.Scatter.MaxSpriteRatio:0.1         ; only a maximum of 10% of scattered bokeh]]
[2022.03.18-05.15.52:582][  0]LogConfig: Setting CVar [[r.DOF.Recombine.Quality:1                ; cheap slight out of focus]]
[2022.03.18-05.15.52:582][  0]LogConfig: Setting CVar [[r.DOF.Recombine.EnableBokehSettings:0    ; no bokeh simulation on slight out of focus]]
[2022.03.18-05.15.52:582][  0]LogConfig: Setting CVar [[r.DOF.TemporalAAQuality:1                ; more stable temporal accumulation]]
[2022.03.18-05.15.52:582][  0]LogConfig: Setting CVar [[r.DOF.Kernel.MaxForegroundRadius:0.025]]
[2022.03.18-05.15.52:582][  0]LogConfig: Setting CVar [[r.DOF.Kernel.MaxBackgroundRadius:0.025]]
[2022.03.18-05.15.52:582][  0]LogConfig: Applying CVar settings from Section [TextureQuality@3] File [C:/Users/emrantokhi/Documents/School/Self Learning/unreal/unreal-games/ToonTanks/Saved/Config/Windows/Scalability.ini]
[2022.03.18-05.15.52:582][  0]LogConfig: Setting CVar [[r.Streaming.MipBias:0]]
[2022.03.18-05.15.52:582][  0]LogConfig: Setting CVar [[r.Streaming.AmortizeCPUToGPUCopy:0]]
[2022.03.18-05.15.52:582][  0]LogConfig: Setting CVar [[r.Streaming.MaxNumTexturesToStreamPerFrame:0]]
[2022.03.18-05.15.52:582][  0]LogConfig: Setting CVar [[r.Streaming.Boost:1]]
[2022.03.18-05.15.52:582][  0]LogConfig: Setting CVar [[r.MaxAnisotropy:8]]
[2022.03.18-05.15.52:582][  0]LogConfig: Setting CVar [[r.VT.MaxAnisotropy:8]]
[2022.03.18-05.15.52:582][  0]LogConfig: Setting CVar [[r.Streaming.LimitPoolSizeToVRAM:0]]
[2022.03.18-05.15.52:582][  0]LogConfig: Setting CVar [[r.Streaming.PoolSize:1000]]
[2022.03.18-05.15.52:582][  0]LogConfig: Setting CVar [[r.Streaming.MaxEffectiveScreenSize:0]]
[2022.03.18-05.15.52:582][  0]LogConfig: Applying CVar settings from Section [EffectsQuality@3] File [C:/Users/emrantokhi/Documents/School/Self Learning/unreal/unreal-games/ToonTanks/Saved/Config/Windows/Scalability.ini]
[2022.03.18-05.15.52:582][  0]LogConfig: Setting CVar [[r.TranslucencyLightingVolumeDim:64]]
[2022.03.18-05.15.52:582][  0]LogConfig: Setting CVar [[r.RefractionQuality:2]]
[2022.03.18-05.15.52:582][  0]LogConfig: Setting CVar [[r.SSR.Quality:3]]
[2022.03.18-05.15.52:582][  0]LogConfig: Setting CVar [[r.SSR.HalfResSceneColor:0]]
[2022.03.18-05.15.52:582][  0]LogConfig: Setting CVar [[r.SceneColorFormat:4]]
[2022.03.18-05.15.52:582][  0]LogConfig: Setting CVar [[r.DetailMode:2]]
[2022.03.18-05.15.52:582][  0]LogConfig: Setting CVar [[r.TranslucencyVolumeBlur:1]]
[2022.03.18-05.15.52:582][  0]LogConfig: Setting CVar [[r.MaterialQualityLevel:1 ; High quality]]
[2022.03.18-05.15.52:582][  0]LogConfig: Setting CVar [[r.AnisotropicMaterials:1]]
[2022.03.18-05.15.52:583][  0]LogConfig: Setting CVar [[r.SSS.Scale:1]]
[2022.03.18-05.15.52:583][  0]LogConfig: Setting CVar [[r.SSS.SampleSet:2]]
[2022.03.18-05.15.52:583][  0]LogConfig: Setting CVar [[r.SSS.Quality:1]]
[2022.03.18-05.15.52:583][  0]LogConfig: Setting CVar [[r.SSS.HalfRes:0]]
[2022.03.18-05.15.52:583][  0]LogConfig: Setting CVar [[r.SSGI.Quality:3]]
[2022.03.18-05.15.52:583][  0]LogConfig: Setting CVar [[r.EmitterSpawnRateScale:1.0]]
[2022.03.18-05.15.52:583][  0]LogConfig: Setting CVar [[r.ParticleLightQuality:2]]
[2022.03.18-05.15.52:583][  0]LogConfig: Setting CVar [[r.SkyAtmosphere.AerialPerspectiveLUT.FastApplyOnOpaque:1 ; Always have FastSkyLUT 1 in this case to avoid wrong sky]]
[2022.03.18-05.15.52:583][  0]LogConfig: Setting CVar [[r.SkyAtmosphere.AerialPerspectiveLUT.SampleCountMaxPerSlice:4]]
[2022.03.18-05.15.52:583][  0]LogConfig: Setting CVar [[r.SkyAtmosphere.AerialPerspectiveLUT.DepthResolution:16.0]]
[2022.03.18-05.15.52:583][  0]LogConfig: Setting CVar [[r.SkyAtmosphere.FastSkyLUT:1]]
[2022.03.18-05.15.52:583][  0]LogConfig: Setting CVar [[r.SkyAtmosphere.FastSkyLUT.SampleCountMin:4.0]]
[2022.03.18-05.15.52:583][  0]LogConfig: Setting CVar [[r.SkyAtmosphere.FastSkyLUT.SampleCountMax:128.0]]
[2022.03.18-05.15.52:583][  0]LogConfig: Setting CVar [[r.SkyAtmosphere.SampleCountMin:4.0]]
[2022.03.18-05.15.52:583][  0]LogConfig: Setting CVar [[r.SkyAtmosphere.SampleCountMax:128.0]]
[2022.03.18-05.15.52:583][  0]LogConfig: Setting CVar [[r.SkyAtmosphere.TransmittanceLUT.UseSmallFormat:0]]
[2022.03.18-05.15.52:583][  0]LogConfig: Setting CVar [[r.SkyAtmosphere.TransmittanceLUT.SampleCount:10.0]]
[2022.03.18-05.15.52:583][  0]LogConfig: Setting CVar [[r.SkyAtmosphere.MultiScatteringLUT.SampleCount:15.0]]
[2022.03.18-05.15.52:583][  0]LogConfig: Setting CVar [[r.SkyLight.RealTimeReflectionCapture:1]]
[2022.03.18-05.15.52:583][  0]LogConfig: Applying CVar settings from Section [FoliageQuality@3] File [C:/Users/emrantokhi/Documents/School/Self Learning/unreal/unreal-games/ToonTanks/Saved/Config/Windows/Scalability.ini]
[2022.03.18-05.15.52:583][  0]LogConfig: Setting CVar [[foliage.DensityScale:1.0]]
[2022.03.18-05.15.52:583][  0]LogConfig: Setting CVar [[grass.DensityScale:1.0]]
[2022.03.18-05.15.52:583][  0]LogConfig: Applying CVar settings from Section [ShadingQuality@3] File [C:/Users/emrantokhi/Documents/School/Self Learning/unreal/unreal-games/ToonTanks/Saved/Config/Windows/Scalability.ini]
[2022.03.18-05.15.52:583][  0]LogConfig: Setting CVar [[r.HairStrands.SkyLighting.IntegrationType:2]]
[2022.03.18-05.15.52:583][  0]LogConfig: Setting CVar [[r.HairStrands.SkyAO.SampleCount:4]]
[2022.03.18-05.15.52:583][  0]LogConfig: Setting CVar [[r.HairStrands.Visibility.MSAA.SamplePerPixel:4]]
[2022.03.18-05.15.52:583][  0]LogInit: Selected Device Profile: [Windows]
[2022.03.18-05.15.52:583][  0]LogInit: Applying CVar settings loaded from the selected device profile: [Windows]
[2022.03.18-05.15.52:583][  0]LogHAL: Display: Platform has ~ 32 GB [34240081920 / 34359738368 / 32], which maps to Largest [LargestMinGB=32, LargerMinGB=12, DefaultMinGB=8, SmallerMinGB=6, SmallestMinGB=0)
[2022.03.18-05.15.52:583][  0]LogInit: Going up to parent DeviceProfile []
[2022.03.18-05.15.52:583][  0]LogConfig: Applying CVar settings from Section [ViewDistanceQuality@3] File [C:/Users/emrantokhi/Documents/School/Self Learning/unreal/unreal-games/ToonTanks/Saved/Config/Windows/Scalability.ini]
[2022.03.18-05.15.52:583][  0]LogConfig: Setting CVar [[r.SkeletalMeshLODBias:0]]
[2022.03.18-05.15.52:583][  0]LogConfig: Setting CVar [[r.ViewDistanceScale:1.0]]
[2022.03.18-05.15.52:583][  0]LogConfig: Applying CVar settings from Section [AntiAliasingQuality@3] File [C:/Users/emrantokhi/Documents/School/Self Learning/unreal/unreal-games/ToonTanks/Saved/Config/Windows/Scalability.ini]
[2022.03.18-05.15.52:583][  0]LogConfig: Setting CVar [[r.PostProcessAAQuality:4]]
[2022.03.18-05.15.52:583][  0]LogConfig: Applying CVar settings from Section [ShadowQuality@3] File [C:/Users/emrantokhi/Documents/School/Self Learning/unreal/unreal-games/ToonTanks/Saved/Config/Windows/Scalability.ini]
[2022.03.18-05.15.52:583][  0]LogConfig: Setting CVar [[r.LightFunctionQuality:1]]
[2022.03.18-05.15.52:583][  0]LogConfig: Setting CVar [[r.ShadowQuality:5]]
[2022.03.18-05.15.52:583][  0]LogConfig: Setting CVar [[r.Shadow.CSM.MaxCascades:10]]
[2022.03.18-05.15.52:583][  0]LogConfig: Setting CVar [[r.Shadow.MaxResolution:2048]]
[2022.03.18-05.15.52:583][  0]LogConfig: Setting CVar [[r.Shadow.MaxCSMResolution:2048]]
[2022.03.18-05.15.52:583][  0]LogConfig: Setting CVar [[r.Shadow.RadiusThreshold:0.01]]
[2022.03.18-05.15.52:583][  0]LogConfig: Setting CVar [[r.Shadow.DistanceScale:1.0]]
[2022.03.18-05.15.52:583][  0]LogConfig: Setting CVar [[r.Shadow.CSM.TransitionScale:1.0]]
[2022.03.18-05.15.52:583][  0]LogConfig: Setting CVar [[r.Shadow.PreShadowResolutionFactor:1.0]]
[2022.03.18-05.15.52:583][  0]LogConfig: Setting CVar [[r.DistanceFieldShadowing:1]]
[2022.03.18-05.15.52:583][  0]LogConfig: Setting CVar [[r.DistanceFieldAO:1]]
[2022.03.18-05.15.52:583][  0]LogConfig: Setting CVar [[r.AOQuality:2]]
[2022.03.18-05.15.52:583][  0]LogConfig: Setting CVar [[r.VolumetricFog:1]]
[2022.03.18-05.15.52:583][  0]LogConfig: Setting CVar [[r.VolumetricFog.GridPixelSize:8]]
[2022.03.18-05.15.52:583][  0]LogConfig: Setting CVar [[r.VolumetricFog.GridSizeZ:128]]
[2022.03.18-05.15.52:583][  0]LogConfig: Setting CVar [[r.VolumetricFog.HistoryMissSupersampleCount:4]]
[2022.03.18-05.15.52:583][  0]LogConfig: Setting CVar [[r.LightMaxDrawDistanceScale:1]]
[2022.03.18-05.15.52:583][  0]LogConfig: Setting CVar [[r.CapsuleShadows:1]]
[2022.03.18-05.15.52:583][  0]LogConfig: Applying CVar settings from Section [PostProcessQuality@3] File [C:/Users/emrantokhi/Documents/School/Self Learning/unreal/unreal-games/ToonTanks/Saved/Config/Windows/Scalability.ini]
[2022.03.18-05.15.52:583][  0]LogConfig: Setting CVar [[r.MotionBlurQuality:4]]
[2022.03.18-05.15.52:583][  0]LogConfig: Setting CVar [[r.AmbientOcclusionMipLevelFactor:0.4]]
[2022.03.18-05.15.52:583][  0]LogConfig: Setting CVar [[r.AmbientOcclusionMaxQuality:100]]
[2022.03.18-05.15.52:583][  0]LogConfig: Setting CVar [[r.AmbientOcclusionLevels:-1]]
[2022.03.18-05.15.52:583][  0]LogConfig: Setting CVar [[r.AmbientOcclusionRadiusScale:1.0]]
[2022.03.18-05.15.52:583][  0]LogConfig: Setting CVar [[r.DepthOfFieldQuality:2]]
[2022.03.18-05.15.52:583][  0]LogConfig: Setting CVar [[r.RenderTargetPoolMin:400]]
[2022.03.18-05.15.52:583][  0]LogConfig: Setting CVar [[r.LensFlareQuality:2]]
[2022.03.18-05.15.52:583][  0]LogConfig: Setting CVar [[r.SceneColorFringeQuality:1]]
[2022.03.18-05.15.52:583][  0]LogConfig: Setting CVar [[r.EyeAdaptationQuality:2]]
[2022.03.18-05.15.52:583][  0]LogConfig: Setting CVar [[r.BloomQuality:5]]
[2022.03.18-05.15.52:583][  0]LogConfig: Setting CVar [[r.FastBlurThreshold:100]]
[2022.03.18-05.15.52:583][  0]LogConfig: Setting CVar [[r.Upscale.Quality:3]]
[2022.03.18-05.15.52:583][  0]LogConfig: Setting CVar [[r.Tonemapper.GrainQuantization:1]]
[2022.03.18-05.15.52:583][  0]LogConfig: Setting CVar [[r.LightShaftQuality:1]]
[2022.03.18-05.15.52:583][  0]LogConfig: Setting CVar [[r.Filter.SizeScale:1]]
[2022.03.18-05.15.52:583][  0]LogConfig: Setting CVar [[r.Tonemapper.Quality:5]]
[2022.03.18-05.15.52:583][  0]LogConfig: Setting CVar [[r.DOF.Gather.AccumulatorQuality:1        ; higher gathering accumulator quality]]
[2022.03.18-05.15.52:583][  0]LogConfig: Setting CVar [[r.DOF.Gather.PostfilterMethod:1          ; Median3x3 postfilering method]]
[2022.03.18-05.15.52:583][  0]LogConfig: Setting CVar [[r.DOF.Gather.EnableBokehSettings:0       ; no bokeh simulation when gathering]]
[2022.03.18-05.15.52:583][  0]LogConfig: Setting CVar [[r.DOF.Gather.RingCount:4                 ; medium number of samples when gathering]]
[2022.03.18-05.15.52:583][  0]LogConfig: Setting CVar [[r.DOF.Scatter.ForegroundCompositing:1    ; additive foreground scattering]]
[2022.03.18-05.15.52:583][  0]LogConfig: Setting CVar [[r.DOF.Scatter.BackgroundCompositing:2    ; additive background scattering]]
[2022.03.18-05.15.52:583][  0]LogConfig: Setting CVar [[r.DOF.Scatter.EnableBokehSettings:1      ; bokeh simulation when scattering]]
[2022.03.18-05.15.52:583][  0]LogConfig: Setting CVar [[r.DOF.Scatter.MaxSpriteRatio:0.1         ; only a maximum of 10% of scattered bokeh]]
[2022.03.18-05.15.52:583][  0]LogConfig: Setting CVar [[r.DOF.Recombine.Quality:1                ; cheap slight out of focus]]
[2022.03.18-05.15.52:583][  0]LogConfig: Setting CVar [[r.DOF.Recombine.EnableBokehSettings:0    ; no bokeh simulation on slight out of focus]]
[2022.03.18-05.15.52:583][  0]LogConfig: Setting CVar [[r.DOF.TemporalAAQuality:1                ; more stable temporal accumulation]]
[2022.03.18-05.15.52:583][  0]LogConfig: Setting CVar [[r.DOF.Kernel.MaxForegroundRadius:0.025]]
[2022.03.18-05.15.52:583][  0]LogConfig: Setting CVar [[r.DOF.Kernel.MaxBackgroundRadius:0.025]]
[2022.03.18-05.15.52:583][  0]LogConfig: Applying CVar settings from Section [TextureQuality@3] File [C:/Users/emrantokhi/Documents/School/Self Learning/unreal/unreal-games/ToonTanks/Saved/Config/Windows/Scalability.ini]
[2022.03.18-05.15.52:583][  0]LogConfig: Setting CVar [[r.Streaming.MipBias:0]]
[2022.03.18-05.15.52:583][  0]LogConfig: Setting CVar [[r.Streaming.AmortizeCPUToGPUCopy:0]]
[2022.03.18-05.15.52:583][  0]LogConfig: Setting CVar [[r.Streaming.MaxNumTexturesToStreamPerFrame:0]]
[2022.03.18-05.15.52:583][  0]LogConfig: Setting CVar [[r.Streaming.Boost:1]]
[2022.03.18-05.15.52:583][  0]LogConfig: Setting CVar [[r.MaxAnisotropy:8]]
[2022.03.18-05.15.52:583][  0]LogConfig: Setting CVar [[r.VT.MaxAnisotropy:8]]
[2022.03.18-05.15.52:583][  0]LogConfig: Setting CVar [[r.Streaming.LimitPoolSizeToVRAM:0]]
[2022.03.18-05.15.52:583][  0]LogConfig: Setting CVar [[r.Streaming.PoolSize:1000]]
[2022.03.18-05.15.52:583][  0]LogConfig: Setting CVar [[r.Streaming.MaxEffectiveScreenSize:0]]
[2022.03.18-05.15.52:583][  0]LogConfig: Applying CVar settings from Section [EffectsQuality@3] File [C:/Users/emrantokhi/Documents/School/Self Learning/unreal/unreal-games/ToonTanks/Saved/Config/Windows/Scalability.ini]
[2022.03.18-05.15.52:583][  0]LogConfig: Setting CVar [[r.TranslucencyLightingVolumeDim:64]]
[2022.03.18-05.15.52:583][  0]LogConfig: Setting CVar [[r.RefractionQuality:2]]
[2022.03.18-05.15.52:583][  0]LogConfig: Setting CVar [[r.SSR.Quality:3]]
[2022.03.18-05.15.52:583][  0]LogConfig: Setting CVar [[r.SSR.HalfResSceneColor:0]]
[2022.03.18-05.15.52:583][  0]LogConfig: Setting CVar [[r.SceneColorFormat:4]]
[2022.03.18-05.15.52:583][  0]LogConfig: Setting CVar [[r.DetailMode:2]]
[2022.03.18-05.15.52:583][  0]LogConfig: Setting CVar [[r.TranslucencyVolumeBlur:1]]
[2022.03.18-05.15.52:583][  0]LogConfig: Setting CVar [[r.MaterialQualityLevel:1 ; High quality]]
[2022.03.18-05.15.52:583][  0]LogConfig: Setting CVar [[r.AnisotropicMaterials:1]]
[2022.03.18-05.15.52:583][  0]LogConfig: Setting CVar [[r.SSS.Scale:1]]
[2022.03.18-05.15.52:583][  0]LogConfig: Setting CVar [[r.SSS.SampleSet:2]]
[2022.03.18-05.15.52:583][  0]LogConfig: Setting CVar [[r.SSS.Quality:1]]
[2022.03.18-05.15.52:583][  0]LogConfig: Setting CVar [[r.SSS.HalfRes:0]]
[2022.03.18-05.15.52:583][  0]LogConfig: Setting CVar [[r.SSGI.Quality:3]]
[2022.03.18-05.15.52:583][  0]LogConfig: Setting CVar [[r.EmitterSpawnRateScale:1.0]]
[2022.03.18-05.15.52:583][  0]LogConfig: Setting CVar [[r.ParticleLightQuality:2]]
[2022.03.18-05.15.52:583][  0]LogConfig: Setting CVar [[r.SkyAtmosphere.AerialPerspectiveLUT.FastApplyOnOpaque:1 ; Always have FastSkyLUT 1 in this case to avoid wrong sky]]
[2022.03.18-05.15.52:583][  0]LogConfig: Setting CVar [[r.SkyAtmosphere.AerialPerspectiveLUT.SampleCountMaxPerSlice:4]]
[2022.03.18-05.15.52:583][  0]LogConfig: Setting CVar [[r.SkyAtmosphere.AerialPerspectiveLUT.DepthResolution:16.0]]
[2022.03.18-05.15.52:583][  0]LogConfig: Setting CVar [[r.SkyAtmosphere.FastSkyLUT:1]]
[2022.03.18-05.15.52:583][  0]LogConfig: Setting CVar [[r.SkyAtmosphere.FastSkyLUT.SampleCountMin:4.0]]
[2022.03.18-05.15.52:583][  0]LogConfig: Setting CVar [[r.SkyAtmosphere.FastSkyLUT.SampleCountMax:128.0]]
[2022.03.18-05.15.52:583][  0]LogConfig: Setting CVar [[r.SkyAtmosphere.SampleCountMin:4.0]]
[2022.03.18-05.15.52:583][  0]LogConfig: Setting CVar [[r.SkyAtmosphere.SampleCountMax:128.0]]
[2022.03.18-05.15.52:583][  0]LogConfig: Setting CVar [[r.SkyAtmosphere.TransmittanceLUT.UseSmallFormat:0]]
[2022.03.18-05.15.52:583][  0]LogConfig: Setting CVar [[r.SkyAtmosphere.TransmittanceLUT.SampleCount:10.0]]
[2022.03.18-05.15.52:583][  0]LogConfig: Setting CVar [[r.SkyAtmosphere.MultiScatteringLUT.SampleCount:15.0]]
[2022.03.18-05.15.52:583][  0]LogConfig: Setting CVar [[r.SkyLight.RealTimeReflectionCapture:1]]
[2022.03.18-05.15.52:583][  0]LogConfig: Applying CVar settings from Section [FoliageQuality@3] File [C:/Users/emrantokhi/Documents/School/Self Learning/unreal/unreal-games/ToonTanks/Saved/Config/Windows/Scalability.ini]
[2022.03.18-05.15.52:583][  0]LogConfig: Setting CVar [[foliage.DensityScale:1.0]]
[2022.03.18-05.15.52:584][  0]LogConfig: Setting CVar [[grass.DensityScale:1.0]]
[2022.03.18-05.15.52:584][  0]LogConfig: Applying CVar settings from Section [ShadingQuality@3] File [C:/Users/emrantokhi/Documents/School/Self Learning/unreal/unreal-games/ToonTanks/Saved/Config/Windows/Scalability.ini]
[2022.03.18-05.15.52:584][  0]LogConfig: Setting CVar [[r.HairStrands.SkyLighting.IntegrationType:2]]
[2022.03.18-05.15.52:584][  0]LogConfig: Setting CVar [[r.HairStrands.SkyAO.SampleCount:4]]
[2022.03.18-05.15.52:584][  0]LogConfig: Setting CVar [[r.HairStrands.Visibility.MSAA.SamplePerPixel:4]]
[2022.03.18-05.15.52:584][  0]LogConfig: Applying CVar settings from Section [Startup] File [../../../Engine/Config/ConsoleVariables.ini]
[2022.03.18-05.15.52:584][  0]LogConfig: Setting CVar [[net.UseAdaptiveNetUpdateFrequency:0]]
[2022.03.18-05.15.52:584][  0]LogConfig: Setting CVar [[p.chaos.AllowCreatePhysxBodies:1]]
[2022.03.18-05.15.52:584][  0]LogConfig: Setting CVar [[fx.SkipVectorVMBackendOptimizations:1]]
[2022.03.18-05.15.52:584][  0]LogConfig: Applying CVar settings from Section [ConsoleVariables] File [C:/Users/emrantokhi/Documents/School/Self Learning/unreal/unreal-games/ToonTanks/Saved/Config/Windows/Engine.ini]
[2022.03.18-05.15.52:584][  0]LogConfig: Applying CVar settings from Section [ConsoleVariables] File [C:/Users/emrantokhi/Documents/School/Self Learning/unreal/unreal-games/ToonTanks/Saved/Config/Windows/Editor.ini]
[2022.03.18-05.15.52:584][  0]LogInit: Computer: DESKTOP-6B52GSF
[2022.03.18-05.15.52:584][  0]LogInit: User: emrantokhi
[2022.03.18-05.15.52:584][  0]LogInit: CPU Page size=4096, Cores=16
[2022.03.18-05.15.52:584][  0]LogInit: High frequency timer resolution =10.000000 MHz
[2022.03.18-05.15.52:584][  0]LogMemory: Memory total: Physical=31.9GB (32GB approx)
[2022.03.18-05.15.52:584][  0]LogMemory: Platform Memory Stats for Windows
[2022.03.18-05.15.52:584][  0]LogMemory: Process Physical Memory: 152.86 MB used, 152.87 MB peak
[2022.03.18-05.15.52:584][  0]LogMemory: Process Virtual Memory: 135.29 MB used, 135.29 MB peak
[2022.03.18-05.15.52:584][  0]LogMemory: Physical Memory: 13178.11 MB used,  19475.78 MB free, 32653.89 MB total
[2022.03.18-05.15.52:584][  0]LogMemory: Virtual Memory: 134203288.00 MB used,  14436.36 MB free, 134217728.00 MB total
[2022.03.18-05.15.52:621][  0]LogWindows: WindowsPlatformFeatures enabled
[2022.03.18-05.15.52:650][  0]LogInit: Physics initialised using underlying interface: PhysX
[2022.03.18-05.15.52:650][  0]LogInit: Using OS detected language (en-US).
[2022.03.18-05.15.52:650][  0]LogInit: Using OS detected locale (en-US).
[2022.03.18-05.15.52:655][  0]LogTextLocalizationManager: No specific localization for 'en-US' exists, so the 'en' localization will be used.
[2022.03.18-05.15.52:784][  0]LogInit: Setting process to per monitor DPI aware
[2022.03.18-05.15.52:795][  0]LogWindowsTextInputMethodSystem: Display: IME system deactivated.
[2022.03.18-05.15.52:812][  0]LogSlate: New Slate User Created.  User Index 0, Is Virtual User: 0
[2022.03.18-05.15.52:812][  0]LogSlate: Slate User Registered.  User Index 0, Is Virtual User: 0
[2022.03.18-05.15.52:911][  0]LogD3D11RHI: Loaded GFSDK_Aftermath_Lib.x64.dll
[2022.03.18-05.15.52:924][  0]LogHMD: Optional extension XR_KHR_opengl_enable is not available
[2022.03.18-05.15.52:924][  0]LogHMD: Optional extension XR_KHR_vulkan_enable is not available
[2022.03.18-05.15.52:924][  0]LogHMD: Optional extension XR_VARJO_quad_views is not available
[2022.03.18-05.15.52:933][  0]LogD3D11RHI: D3D11 min allowed feature level: 11_0
[2022.03.18-05.15.52:933][  0]LogD3D11RHI: D3D11 max allowed feature level: 11_0
[2022.03.18-05.15.52:933][  0]LogD3D11RHI: D3D11 adapters:
[2022.03.18-05.15.53:026][  0]LogD3D11RHI:    0. 'NVIDIA GeForce RTX 3090' (Feature Level 11_0)
[2022.03.18-05.15.53:026][  0]LogD3D11RHI:       24348/0/16326 MB DedicatedVideo/DedicatedSystem/SharedSystem, Outputs:2, VendorId:0x10de
[2022.03.18-05.15.53:028][  0]LogD3D11RHI:    1. 'Microsoft Basic Render Driver' (Feature Level 11_0)
[2022.03.18-05.15.53:028][  0]LogD3D11RHI:       0/0/16326 MB DedicatedVideo/DedicatedSystem/SharedSystem, Outputs:0, VendorId:0x1414
[2022.03.18-05.15.53:028][  0]LogD3D11RHI: Chosen D3D11 Adapter:
[2022.03.18-05.15.53:028][  0]LogD3D11RHI:     Description : NVIDIA GeForce RTX 3090
[2022.03.18-05.15.53:028][  0]LogD3D11RHI:     VendorId    : 10de
[2022.03.18-05.15.53:028][  0]LogD3D11RHI:     DeviceId    : 2204
[2022.03.18-05.15.53:028][  0]LogD3D11RHI:     SubSysId    : 40421458
[2022.03.18-05.15.53:028][  0]LogD3D11RHI:     Revision    : 00a1
[2022.03.18-05.15.53:028][  0]LogD3D11RHI:     DedicatedVideoMemory : 25530728448 bytes
[2022.03.18-05.15.53:028][  0]LogD3D11RHI:     DedicatedSystemMemory : 0 bytes
[2022.03.18-05.15.53:028][  0]LogD3D11RHI:     SharedSystemMemory : 17120040960 bytes
[2022.03.18-05.15.53:028][  0]LogD3D11RHI:     AdapterLuid : 0 70574
[2022.03.18-05.15.53:036][  0]LogD3D11RHI: Creating new Direct3DDevice
[2022.03.18-05.15.53:036][  0]LogD3D11RHI:     GPU DeviceId: 0x2204 (for the marketing name, search the web for "GPU Device Id")
[2022.03.18-05.15.53:036][  0]LogWindows: EnumDisplayDevices:
[2022.03.18-05.15.53:036][  0]LogWindows:    0. 'NVIDIA GeForce RTX 3090' (P:1 D:1)
[2022.03.18-05.15.53:037][  0]LogWindows:    1. 'NVIDIA GeForce RTX 3090' (P:0 D:1)
[2022.03.18-05.15.53:037][  0]LogWindows:    2. 'NVIDIA GeForce RTX 3090' (P:0 D:0)
[2022.03.18-05.15.53:037][  0]LogWindows:    3. 'NVIDIA GeForce RTX 3090' (P:0 D:0)
[2022.03.18-05.15.53:037][  0]LogWindows: DebugString: FoundDriverCount:4 
[2022.03.18-05.15.53:037][  0]LogD3D11RHI:     Adapter Name: NVIDIA GeForce RTX 3090
[2022.03.18-05.15.53:037][  0]LogD3D11RHI:   Driver Version: 511.79 (internal:30.0.15.1179, unified:511.79)
[2022.03.18-05.15.53:037][  0]LogD3D11RHI:      Driver Date: 2-10-2022
[2022.03.18-05.15.53:037][  0]LogRHI: Texture pool is 17043 MB (70% of 24348 MB)
[2022.03.18-05.15.53:037][  0]LogD3D11RHI: Creating D3DDevice using adapter:
[2022.03.18-05.15.53:037][  0]LogD3D11RHI:     Description : NVIDIA GeForce RTX 3090
[2022.03.18-05.15.53:037][  0]LogD3D11RHI:     VendorId    : 10de
[2022.03.18-05.15.53:037][  0]LogD3D11RHI:     DeviceId    : 2204
[2022.03.18-05.15.53:037][  0]LogD3D11RHI:     SubSysId    : 40421458
[2022.03.18-05.15.53:037][  0]LogD3D11RHI:     Revision    : 00a1
[2022.03.18-05.15.53:037][  0]LogD3D11RHI:     DedicatedVideoMemory : 25530728448 bytes
[2022.03.18-05.15.53:037][  0]LogD3D11RHI:     DedicatedSystemMemory : 0 bytes
[2022.03.18-05.15.53:037][  0]LogD3D11RHI:     SharedSystemMemory : 17120040960 bytes
[2022.03.18-05.15.53:037][  0]LogD3D11RHI:     AdapterLuid : 0 70574
[2022.03.18-05.15.53:087][  0]LogD3D11RHI: RHI has support for 64 bit atomics
[2022.03.18-05.15.53:087][  0]LogD3D11RHI: Async texture creation enabled
[2022.03.18-05.15.53:087][  0]LogD3D11RHI: Array index from any shader is supported
[2022.03.18-05.15.53:088][  0]LogD3D11RHI: HDR output is supported on display 0 (NvId: 0x80061083).
[2022.03.18-05.15.53:108][  0]LogD3D11RHI: GPU Timing Frequency: 1000.000000 (Debug: 2 1)
[2022.03.18-05.15.53:127][  0]LogRHI: GeForceNow SDK initialized: 1
[2022.03.18-05.15.53:378][  0]LogTargetPlatformManager: Display: Loaded TargetPlatform 'AllDesktop'
[2022.03.18-05.15.53:394][  0]LogTargetPlatformManager: Display: Loaded TargetPlatform 'Android'
[2022.03.18-05.15.53:394][  0]LogTargetPlatformManager: Display: Loaded TargetPlatform 'Android_ASTC'
[2022.03.18-05.15.53:394][  0]LogTargetPlatformManager: Display: Loaded TargetPlatform 'Android_DXT'
[2022.03.18-05.15.53:394][  0]LogTargetPlatformManager: Display: Loaded TargetPlatform 'Android_ETC2'
[2022.03.18-05.15.53:394][  0]LogTargetPlatformManager: Display: Loaded TargetPlatform 'AndroidClient'
[2022.03.18-05.15.53:394][  0]LogTargetPlatformManager: Display: Loaded TargetPlatform 'Android_ASTCClient'
[2022.03.18-05.15.53:394][  0]LogTargetPlatformManager: Display: Loaded TargetPlatform 'Android_DXTClient'
[2022.03.18-05.15.53:394][  0]LogTargetPlatformManager: Display: Loaded TargetPlatform 'Android_ETC2Client'
[2022.03.18-05.15.53:394][  0]LogTargetPlatformManager: Display: Loaded TargetPlatform 'Android_Multi'
[2022.03.18-05.15.53:394][  0]LogTargetPlatformManager: Display: Loaded TargetPlatform 'Android_MultiClient'
[2022.03.18-05.15.53:406][  0]LogTargetPlatformManager: Display: Loaded TargetPlatform 'IOSClient'
[2022.03.18-05.15.53:406][  0]LogTargetPlatformManager: Display: Loaded TargetPlatform 'IOS'
[2022.03.18-05.15.53:413][  0]LogTargetPlatformManager: Display: Loaded TargetPlatform 'Linux'
[2022.03.18-05.15.53:416][  0]LogTargetPlatformManager: Display: Loaded TargetPlatform 'LinuxNoEditor'
[2022.03.18-05.15.53:419][  0]LogTargetPlatformManager: Display: Loaded TargetPlatform 'LinuxClient'
[2022.03.18-05.15.53:422][  0]LogTargetPlatformManager: Display: Loaded TargetPlatform 'LinuxServer'
[2022.03.18-05.15.53:428][  0]LogTargetPlatformManager: Display: Loaded TargetPlatform 'LinuxAArch64NoEditor'
[2022.03.18-05.15.53:431][  0]LogTargetPlatformManager: Display: Loaded TargetPlatform 'LinuxAArch64Client'
[2022.03.18-05.15.53:434][  0]LogTargetPlatformManager: Display: Loaded TargetPlatform 'LinuxAArch64Server'
[2022.03.18-05.15.53:451][  0]LogTargetPlatformManager: Display: Loaded TargetPlatform 'Lumin'
[2022.03.18-05.15.53:451][  0]LogTargetPlatformManager: Display: Loaded TargetPlatform 'LuminClient'
[2022.03.18-05.15.53:457][  0]LogTargetPlatformManager: Display: Loaded TargetPlatform 'MacNoEditor'
[2022.03.18-05.15.53:460][  0]LogTargetPlatformManager: Display: Loaded TargetPlatform 'Mac'
[2022.03.18-05.15.53:462][  0]LogTargetPlatformManager: Display: Loaded TargetPlatform 'MacClient'
[2022.03.18-05.15.53:465][  0]LogTargetPlatformManager: Display: Loaded TargetPlatform 'MacServer'
[2022.03.18-05.15.53:472][  0]LogTargetPlatformManager: Display: Loaded TargetPlatform 'TVOSClient'
[2022.03.18-05.15.53:472][  0]LogTargetPlatformManager: Display: Loaded TargetPlatform 'TVOS'
[2022.03.18-05.15.53:478][  0]LogTargetPlatformManager: Display: Loaded TargetPlatform 'WindowsNoEditor'
[2022.03.18-05.15.53:482][  0]LogTargetPlatformManager: Display: Loaded TargetPlatform 'Windows'
[2022.03.18-05.15.53:485][  0]LogTargetPlatformManager: Display: Loaded TargetPlatform 'WindowsClient'
[2022.03.18-05.15.53:488][  0]LogTargetPlatformManager: Display: Loaded TargetPlatform 'WindowsServer'
[2022.03.18-05.15.53:488][  0]LogTargetPlatformManager: Display: Building Assets For Windows
[2022.03.18-05.15.53:493][  0]LogAudioDebug: Display: Lib vorbis DLL was dynamically loaded.
[2022.03.18-05.15.53:515][  0]LogTextureFormatOodle: Display: Oodle Texture 2.9.0 init RDO Off
[2022.03.18-05.15.53:540][  0]LogRendererCore: Ray tracing is disabled. Reason: r.RayTracing=0.
[2022.03.18-05.15.53:540][  0]LogShaderCompilers: Guid format shader working directory is -44 characters bigger than the processId version (../../../../../../Users/emrantokhi/Documents/School/Self Learning/unreal/unreal-games/ToonTanks/Intermediate/Shaders/WorkingDirectory/2088/).
[2022.03.18-05.15.53:540][  0]LogShaderCompilers: Cleaned the shader compiler working directory 'C:/Users/emrantokhi/AppData/Local/Temp/UnrealShaderWorkingDir/652290E546FD0DEDDEBEBE931E4D4150/'.
[2022.03.18-05.15.53:540][  0]LogXGEController: Cannot use XGE Controller as Incredibuild is not installed on this machine.
[2022.03.18-05.15.53:540][  0]LogShaderCompilers: Cannot use XGE Shader Compiler as Incredibuild is not installed on this machine.
[2022.03.18-05.15.53:540][  0]LogShaderCompilers: Display: Using Local Shader Compiler.
[2022.03.18-05.15.54:062][  0]LogDerivedDataCache: Display: Max Cache Size: 512 MB
[2022.03.18-05.15.54:101][  0]LogDerivedDataCache: Loaded boot cache 0.04s 90MB C:/Users/emrantokhi/AppData/Local/UnrealEngine/4.27/DerivedDataCache/Boot.ddc.
[2022.03.18-05.15.54:101][  0]LogDerivedDataCache: Display: Loaded Boot cache: C:/Users/emrantokhi/AppData/Local/UnrealEngine/4.27/DerivedDataCache/Boot.ddc
[2022.03.18-05.15.54:101][  0]LogDerivedDataCache: FDerivedDataBackendGraph:  Pak pak cache file ../../../../../../Users/emrantokhi/Documents/School/Self Learning/unreal/unreal-games/ToonTanks/DerivedDataCache/DDC.ddp not found, will not use a pak cache.
[2022.03.18-05.15.54:101][  0]LogDerivedDataCache: Unable to find inner node Pak for hierarchical cache Hierarchy.
[2022.03.18-05.15.54:101][  0]LogDerivedDataCache: FDerivedDataBackendGraph:  CompressedPak pak cache file ../../../../../../Users/emrantokhi/Documents/School/Self Learning/unreal/unreal-games/ToonTanks/DerivedDataCache/Compressed.ddp not found, will not use a pak cache.
[2022.03.18-05.15.54:101][  0]LogDerivedDataCache: Unable to find inner node CompressedPak for hierarchical cache Hierarchy.
[2022.03.18-05.15.54:114][  0]LogDerivedDataCache: Display: Pak cache opened for reading ../../../Engine/DerivedDataCache/Compressed.ddp.
[2022.03.18-05.15.54:114][  0]LogDerivedDataCache: FDerivedDataBackendGraph:  EnterprisePak pak cache file ../../../Enterprise/DerivedDataCache/Compressed.ddp not found, will not use a pak cache.
[2022.03.18-05.15.54:114][  0]LogDerivedDataCache: Unable to find inner node EnterprisePak for hierarchical cache Hierarchy.
[2022.03.18-05.15.54:119][  0]LogDerivedDataCache: Speed tests for C:/Users/emrantokhi/AppData/Local/UnrealEngine/Common/DerivedDataCache took 0.00 seconds
[2022.03.18-05.15.54:119][  0]LogDerivedDataCache: Display: Performance to C:/Users/emrantokhi/AppData/Local/UnrealEngine/Common/DerivedDataCache: Latency=0.02ms. RandomReadSpeed=1688.19MBs, RandomWriteSpeed=226.87MBs. Assigned SpeedClass 'Local'
[2022.03.18-05.15.54:120][  0]LogDerivedDataCache: Using Local data cache path C:/Users/emrantokhi/AppData/Local/UnrealEngine/Common/DerivedDataCache: Writable
[2022.03.18-05.15.54:120][  0]LogDerivedDataCache: Shared data cache path not found in *engine.ini, will not use an Shared cache.
[2022.03.18-05.15.54:120][  0]LogDerivedDataCache: Unable to find inner node Shared for hierarchical cache Hierarchy.
[2022.03.18-05.15.54:154][  0]LogSlate: Using FreeType 2.10.0
[2022.03.18-05.15.54:154][  0]LogSlate: SlateFontServices - WITH_FREETYPE: 1, WITH_HARFBUZZ: 1
[2022.03.18-05.15.54:170][  0]LogAssetRegistry: FAssetRegistry took 0.0021 seconds to start up
[2022.03.18-05.15.54:338][  0]LogInit: Selected Device Profile: [Windows]
[2022.03.18-05.15.54:338][  0]LogInit: Active device profile: [000001CB6C24EE00][000001CB6D3A3580 49] Windows
[2022.03.18-05.15.54:338][  0]LogInit: Profiles: [000001CB6C24EE00][000001CB6D3A3580 49] Windows, [000001CB6C20D500][000001CB6D3AB840 49] WindowsNoEditor, [000001CB6C24D400][000001CB6D3AFB00 49] WindowsServer, [000001CB6C20EC00][000001CB6D3B2240 49] WindowsClient, [000001CB6C24ED00][000001CB6D3B6500 49] IOS, [000001CB6C20D900][000001CB6D3BA7C0 49] iPadAir, [000001CB6C24D800][000001CB6D3A6A40 49] iPadAir2, [000001CB6C183D00][000001CB6D3D6F40 49] IPadPro, [000001CB6C183E00][000001CB6D3BEF80 49] iPadAir3, [000001CB6C24E700][000001CB6D3CF240 49] iPadAir4, [000001CB6C181800][000001CB6D3CB500 49] iPadMini2, [000001CB6C24DA00][000001CB6D3D37C0 49] iPadMini3, [000001CB6C183F00][000001CB631AFA80 49] iPadMini4, [000001CB6C24EB00][000001CB631B21C0 49] iPadMini5, [000001CB6C1CF600][000001CB6D4E8700 49] iPhone6, [000001CB6C1CF700][000001CB631B6740 49] iPodTouch6, [000001CB6C180600][000001CB6D4F4C40 49] iPhone7, [000001CB6C180500][000001CB631BEC80 49] iPodTouch7, [000001CB6C1CD700][000001CB6D3C2F00 49] iPhone5S, [000001CB6C183900][000001CB631BB1C0 49] iPhone6Plus, [000001CB6C1CE700][000001CB6D4FD480 49] iPhone6S, [000001CB6C181B00][000001CB6D545740 49] iPhone6SPlus, [000001CB6C1CF200][000001CB6AD81A00 49] iPhone7Plus, [000001CB6C181C00][000001CB6AD84140 49] iPhoneSE, [000001CB6C1CE900][000001CB6AD88400 49] iPhone8, [000001CB6C180300][000001CB6AD8C6C0 49] iPhone8Plus, [000001CB6C1CDD00][000001CB6AD90980 49] iPhoneX, [000001CB6C181600][000001CB6AD94C40 49] iPhoneXS, [000001CB6C1CE300][000001CB631C2EC0 49] iPhoneXSMax, [000001CB6C181D00][000001CB6AD99140 49] iPhoneXR, [000001CB6C1CDE00][000001CB6D955400 49] iPhone11, [000001CB6C182A00][000001CB6D9596C0 49] iPhone11Pro, [000001CB6C1CDC00][000001CB6D95D980 49] iPhone11ProMax, [000001CB6C182E00][000001CB6D4C20C0 49] iPhoneSE2, [000001CB6C1CE200][000001CB6D4CA380 49] iPhone12Mini, [000001CB6C183100][000001CB629F2640 49] iPhone12, [000001CB6C1CCA00][000001CB62A02900 49] iPhone12Pro, [000001CB6C183000][000001CB62A06BC0 49] iPhone12ProMax, [000001CB6C1CFA00][000001CB62A0AE80 49] iPadPro105, [000001CB6C183C00][000001CB6D501100 49] iPadPro129, [000001CB6C1CCF00][000001CB63F11380 49] iPadPro97, [000001CB6C180D00][000001CB63F23640 49] iPadPro2_129, [000001CB6C1CF400][000001CB63F27900 49] iPad5, [000001CB6C180A00][000001CB6379FBC0 49] iPad6, [000001CB6C1CCE00][000001CB637A2300 49] iPad7, [000001CB6C182500][000001CB637A65C0 49] iPad8, [000001CB6C1CE800][000001CB637AA880 49] iPadPro11, [000001CB6C183400][000001CB637AEB40 49] iPadPro2_11, [000001CB6C1CCC00][000001CB637C6E00 49] iPadPro3_129, [000001CB6C181900][000001CB638330C0 49] iPadPro4_129, [000001CB6C1CE600][000001CB63F1F340 49] AppleTV, [000001CB6C183A00][000001CB638375C0 49] AppleTV4K, [000001CB6C1CF800][000001CB63843880 49] TVOS, [000001CB6C183600][000001CB63847B40 49] Mac, [000001CB6C20F600][000001CB6D456280 49] MacClient, [000001CB6C294A00][000001CB63EA0540 49] MacNoEditor, [000001CB6C20FC00][000001CB63EA4800 49] MacServer, [000001CB6C295400][000001CB63EA8AC0 49] Linux, [000001CB6C20D100][000001CB6D4BED80 49] LinuxAArch64, [000001CB6C294600][000001CB63ECB040 49] LinuxNoEditor, [000001CB6C20F300][000001CB63ECF300 49] LinuxAArch64NoEditor, [000001CB6C295500][000001CB6383F580 49] LinuxClient, [000001CB6C20C800][000001CB6383B840 49] LinuxAArch64Client, [000001CB6C294F00][000001CB63ED3B00 49] LinuxServer, [000001CB6C20D700][000001CB6382E240 49] LinuxAArch64Server, [000001CB6C294300][000001CB63ED6500 49] Android, [000001CB6C20C500][000001CB629847C0 49] Android_Low, [000001CB6C295200][000001CB62988A80 49] Android_Mid, [000001CB6C20C400][000001CB6298CD40 49] Android_High, [000001CB6C295700][000001CB62991000 49] Android_Default, [000001CB6C20D400][000001CB629952C0 49] Android_Adreno4xx, [000001CB6C294200][000001CB6D453540 49] Android_Adreno5xx_Low, [000001CB6C20CE00][000001CB629997C0 49] Android_Adreno5xx, [000001CB6C294700][000001CB629A1A80 49] Android_Adreno6xx, [000001CB6C20CF00][000001CB629A41C0 49] Android_Adreno6xx_Vulkan, [000001CB6C1CC300][000001CB629A8480 49] Android_Mali_T6xx, [000001CB6C181500][000001CB629AC740 49] Android_Mali_T7xx, [000001CB6C1CD100][000001CB629B0A00 49] Android_Mali_T8xx, [000001CB6C181A00][000001CB629B4CC0 49] Android_Mali_G71, [000001CB6C1CEB00][000001CB629B8F80 49] Android_Mali_G72, [000001CB6C182900][000001CB629BD240 49] Android_Mali_G72_Vulkan, [000001CB6C1CDF00][000001CB629C1500 49] Android_Mali_G76, [000001CB6C183300][000001CB6299D780 49] Android_Mali_G76_Vulkan, [000001CB6C1CE500][000001CB629C5A00 49] Android_Mali_G77, [000001CB6C181700][000001CB629CC140 49] Android_Mali_G77_Vulkan, [000001CB6C1CD500][000001CB629D0400 49] Android_Mali_G78, [000001CB6C182600][000001CB629D46C0 49] Android_Mali_G78_Vulkan, [000001CB6C1CEF00][000001CB629D8980 49] Android_Mali_G710, [000001CB6C182B00][000001CB629DCC40 49] Android_Mali_G710_Vulkan, [000001CB6C1CC200][000001CB629E0F00 49] Android_Vulkan_SM5, [000001CB6C181200][000001CB629E51C0 49] Android_PowerVR_G6xxx, [000001CB6C1CC100][000001CB629E9480 49] Android_PowerVR_GT7xxx, [000001CB6C180F00][000001CB629ED740 49] Android_PowerVR_GE8xxx, [000001CB6C1CD200][000001CB629C99C0 49] Android_PowerVR_GM9xxx, [000001CB6C182F00][000001CB6D7820C0 49] Android_PowerVR_GM9xxx_Vulkan, [000001CB6C1CD000][000001CB6D78A380 49] Android_TegraK1, [000001CB6C182300][000001CB6D78E640 49] Android_Unknown_Vulkan, [000001CB6C1CEA00][000001CB6D792900 49] Lumin, [000001CB6C295800][000001CB6D796BC0 49] Lumin_Desktop, [000001CB6C1CC700][000001CB6D79AE80 49] HoloLens, 
[2022.03.18-05.15.54:428][  0]LogMeshReduction: Using QuadricMeshReduction for automatic static mesh reduction
[2022.03.18-05.15.54:428][  0]LogMeshReduction: Using SimplygonMeshReduction for automatic skeletal mesh reduction
[2022.03.18-05.15.54:428][  0]LogMeshReduction: Using ProxyLODMeshReduction for automatic mesh merging
[2022.03.18-05.15.54:428][  0]LogMeshReduction: No distributed automatic mesh merging module available
[2022.03.18-05.15.54:428][  0]LogMeshMerging: No distributed automatic mesh merging module available
[2022.03.18-05.15.54:445][  0]LogNetVersion: ToonTanks 1.0.0, NetCL: 17155196, EngineNetVer: 17, GameNetVer: 0 (Checksum: 3806074785)
[2022.03.18-05.15.54:706][  0]LogTexture: Default maximum texture size for cubemaps generated from long-lat sources has been changed from 512 to unlimited. In order to preserve old behaiour for '/Engine/MapTemplates/Sky/DaylightAmbientCubemap.DaylightAmbientCubemap', its maximum texture size has been explicitly set to 512.
[2022.03.18-05.15.54:748][  0]LogUObjectArray: 17007 objects as part of root set at end of initial load.
[2022.03.18-05.15.54:748][  0]LogUObjectAllocator: 4255392 out of 0 bytes used by permanent object pool.
[2022.03.18-05.15.54:748][  0]LogUObjectArray: CloseDisregardForGC: 0/0 objects in disregard for GC pool
[2022.03.18-05.15.54:929][  0]LogNiagaraDebuggerClient: Niagara Debugger Client Initialized | Session: FDF0F70143DAE11BA0B670B8458ED1DC | Instance: 2EC8160F425BE6C926DD1D8E7A5CB9FF (DESKTOP-6B52GSF-2088).
[2022.03.18-05.15.55:018][  0]LogImageWrapper: Warning: PNG Warning: Duplicate iCCP chunk
[2022.03.18-05.15.55:018][  0]LogImageWrapper: Warning: PNG Warning: Duplicate iCCP chunk
[2022.03.18-05.15.55:018][  0]LogTcpMessaging: Initializing TcpMessaging bridge
[2022.03.18-05.15.55:021][  0]LogUdpMessaging: Initializing bridge on interface 0.0.0.0:0 to multicast group 230.0.0.1:6666.
[2022.03.18-05.15.55:029][  0]LogPython: Using Python 3.7.7
[2022.03.18-05.15.55:543][  0]SourceControl: Source control is disabled
[2022.03.18-05.15.55:543][  0]SourceControl: Source control is disabled
[2022.03.18-05.15.55:545][  0]SourceControl: Source control is disabled
[2022.03.18-05.15.55:549][  0]LogUProjectInfo: Found projects:
[2022.03.18-05.15.55:565][  0]SourceControl: Source control is disabled
[2022.03.18-05.15.55:575][  0]SourceControl: Source control is disabled
[2022.03.18-05.15.55:652][  0]LogOpenImageDenoise: OIDN starting up
[2022.03.18-05.15.55:678][  0]LogAndroidPermission: UAndroidPermissionCallbackProxy::GetInstance
[2022.03.18-05.15.55:695][  0]LogAudioCaptureCore: Display: No Audio Capture implementations found. Audio input will be silent.
[2022.03.18-05.15.55:695][  0]LogAudioCaptureCore: Display: No Audio Capture implementations found. Audio input will be silent.
[2022.03.18-05.15.55:783][  0]LogCollectionManager: Loaded 0 collections in 0.001488 seconds
[2022.03.18-05.15.55:831][  0]LogFileCache: Scanning file cache for directory 'C:/Users/emrantokhi/Documents/School/Self Learning/unreal/unreal-games/ToonTanks/Saved/Collections/' took 0.00s
[2022.03.18-05.15.55:831][  0]LogFileCache: Scanning file cache for directory 'C:/Users/emrantokhi/Documents/School/Self Learning/unreal/unreal-games/ToonTanks/Content/Developers/emrantokhi/Collections/' took 0.00s
[2022.03.18-05.15.55:832][  0]LogFileCache: Scanning file cache for directory 'C:/Users/emrantokhi/Documents/School/Self Learning/unreal/unreal-games/ToonTanks/Content/Collections/' took 0.00s
[2022.03.18-05.15.55:832][  0]LogEngine: Initializing Engine...
[2022.03.18-05.15.55:833][  0]LogStats: UGameplayTagsManager::InitializeManager -  0.000 s
[2022.03.18-05.15.55:912][  0]LogInit: Initializing FReadOnlyCVARCache
[2022.03.18-05.15.55:921][  0]LogAIModule: Creating AISystem for world Untitled
[2022.03.18-05.15.55:923][  0]LogAudio: Display: Initializing Audio Device Manager...
[2022.03.18-05.15.55:926][  0]LogAudio: Display: Loading Default Audio Settings Objects...
[2022.03.18-05.15.55:926][  0]LogAudio: Display: No default SoundConcurrencyObject specified (or failed to load).
[2022.03.18-05.15.55:926][  0]LogAudio: Display: Audio Device Manager Initialized
[2022.03.18-05.15.55:926][  0]LogAudio: Display: Creating Audio Device:                 Id: 1, Scope: Shared, Realtime: True
[2022.03.18-05.15.55:926][  0]LogAudioMixer: Display: Audio Mixer Platform Settings:
[2022.03.18-05.15.55:926][  0]LogAudioMixer: Display: 	Sample Rate:						  48000
[2022.03.18-05.15.55:926][  0]LogAudioMixer: Display: 	Callback Buffer Frame Size Requested: 1024
[2022.03.18-05.15.55:926][  0]LogAudioMixer: Display: 	Callback Buffer Frame Size To Use:	  1024
[2022.03.18-05.15.55:926][  0]LogAudioMixer: Display: 	Number of buffers to queue:			  2
[2022.03.18-05.15.55:926][  0]LogAudioMixer: Display: 	Max Channels (voices):				  32
[2022.03.18-05.15.55:926][  0]LogAudioMixer: Display: 	Number of Async Source Workers:		  0
[2022.03.18-05.15.55:926][  0]LogAudio: Display: AudioDevice MaxSources: 32
[2022.03.18-05.15.55:927][  0]LogAudio: Display: Audio Spatialization Plugin: None (built-in).
[2022.03.18-05.15.55:927][  0]LogAudio: Display: Audio Reverb Plugin: None (built-in).
[2022.03.18-05.15.55:927][  0]LogAudio: Display: Audio Occlusion Plugin: None (built-in).
[2022.03.18-05.15.55:927][  0]LogAudioMixer: Display: Initializing audio mixer.
[2022.03.18-05.15.55:940][  0]LogAudioMixer: Display: 0: FrontLeft
[2022.03.18-05.15.55:940][  0]LogAudioMixer: Display: 1: FrontRight
[2022.03.18-05.15.55:940][  0]LogAudioMixer: Display: 2: FrontCenter
[2022.03.18-05.15.55:940][  0]LogAudioMixer: Display: 3: LowFrequency
[2022.03.18-05.15.55:940][  0]LogAudioMixer: Display: 4: BackLeft
[2022.03.18-05.15.55:940][  0]LogAudioMixer: Display: 5: BackRight
[2022.03.18-05.15.55:955][  0]LogAudioMixer: Display: Using Audio Device Speakers (2- Sound Blaster Audigy Fx)
[2022.03.18-05.15.55:957][  0]LogAudioMixer: Display: Initializing Sound Submixes...
[2022.03.18-05.15.55:959][  0]LogAudioMixer: Display: Creating Master Submix 'MasterSubmixDefault'
[2022.03.18-05.15.55:959][  0]LogAudioMixer: Display: Creating Master Submix 'MasterReverbSubmixDefault'
[2022.03.18-05.15.55:960][  0]LogAudioMixer: Display: Creating Master Submix 'MasterEQSubmixDefault'
[2022.03.18-05.15.55:960][  0]LogAudioMixer: FMixerPlatformXAudio2::StartAudioStream() called
[2022.03.18-05.15.55:960][  0]LogAudioMixer: Display: Output buffers initialized: Frames=1024, Channels=6, Samples=6144
[2022.03.18-05.15.55:961][  0]LogAudioMixer: Display: Starting AudioMixerPlatformInterface::RunInternal()
[2022.03.18-05.15.55:961][  0]LogAudioMixer: Display: FMixerPlatformXAudio2::SubmitBuffer() called for the first time
[2022.03.18-05.15.55:961][  0]LogInit: FAudioDevice initialized.
[2022.03.18-05.15.55:961][  0]LogAudio: Display: Audio Device (ID: 1) registered with world 'Untitled'.
[2022.03.18-05.15.55:961][  0]LogNetVersion: Set ProjectVersion to 1.0.0.0. Version Checksum will be recalculated on next use.
[2022.03.18-05.15.55:999][  0]LogDerivedDataCache: Saved boot cache 0.04s 90MB C:/Users/emrantokhi/AppData/Local/UnrealEngine/4.27/DerivedDataCache/Boot.ddc.
[2022.03.18-05.15.56:001][  0]LogInit: Texture streaming: Enabled
[2022.03.18-05.15.56:010][  0]LogAnalytics: Display: [UEEditor.Rocket.Release] APIServer = https://datarouter.ol.epicgames.com/. AppVersion = 4.27.1-17735300+++UE4+Release-4.27
[2022.03.18-05.15.56:012][  0]LogEngineSessionManager: EngineSessionManager initialized
[2022.03.18-05.15.56:012][  0]LogEditorSessionSummary: Verbose: Initializing EditorSessionSummaryWriter for editor session tracking
[2022.03.18-05.15.56:013][  0]LogEditorSessionSummary: EditorSessionSummaryWriter initialized
[2022.03.18-05.15.56:037][  0]LogInit: Transaction tracking system initialized
[2022.03.18-05.15.56:051][  0]BlueprintLog: New page: Editor Load
[2022.03.18-05.15.56:091][  0]LocalizationService: Localization service is disabled
[2022.03.18-05.15.56:106][  0]TimingProfiler: Initialize
[2022.03.18-05.15.56:106][  0]TimingProfiler: OnSessionChanged
[2022.03.18-05.15.56:106][  0]LoadingProfiler: Initialize
[2022.03.18-05.15.56:107][  0]LoadingProfiler: OnSessionChanged
[2022.03.18-05.15.56:107][  0]NetworkingProfiler: Initialize
[2022.03.18-05.15.56:107][  0]NetworkingProfiler: OnSessionChanged
[2022.03.18-05.15.56:107][  0]MemoryProfiler: Initialize
[2022.03.18-05.15.56:107][  0]MemoryProfiler: OnSessionChanged
[2022.03.18-05.15.56:209][  0]LogCook: Display: CookSettings for Memory: MemoryMaxUsedVirtual 0MiB, MemoryMaxUsedPhysical 16384MiB, MemoryMinFreeVirtual 0MiB, MemoryMinFreePhysical 1024MiB
[2022.03.18-05.15.56:209][  0]LogCook: Display: Mobile HDR setting 1
[2022.03.18-05.15.56:329][  0]LogFileCache: Scanning file cache for directory 'C:/Users/emrantokhi/Documents/School/Self Learning/unreal/unreal-games/ToonTanks/Content/' took 0.00s
[2022.03.18-05.15.56:329][  0]LogInit: Display: Engine is initialized. Leaving FEngineLoop::Init()
[2022.03.18-05.15.56:331][  0]SourceControl: Source control is disabled
[2022.03.18-05.15.56:331][  0]LogUnrealEdMisc: Loading editor; pre map load, took 4.611
[2022.03.18-05.15.56:331][  0]Cmd: MAP LOAD FILE="../../../Engine/Content/Maps/Templates/Template_Default.umap" TEMPLATE=1 SHOWPROGRESS=1 FEATURELEVEL=3
[2022.03.18-05.15.56:331][  0]LightingResults: New page: Lighting Build
[2022.03.18-05.15.56:332][  0]LogWorld: UWorld::CleanupWorld for Untitled, bSessionEnded=true, bCleanupResources=true
[2022.03.18-05.15.56:332][  0]LogSlate: InvalidateAllWidgets triggered.  All widgets were invalidated
[2022.03.18-05.15.56:332][  0]MapCheck: New page: Map Check
[2022.03.18-05.15.56:332][  0]LightingResults: New page: Lighting Build
[2022.03.18-05.15.56:343][  0]LogAudio: Display: Audio Device unregistered from world 'None'.
[2022.03.18-05.15.56:345][  0]LogUObjectHash: Compacting FUObjectHashTables data took   0.61ms
[2022.03.18-05.15.56:379][  0]LogTexture: Display: Building textures: DeprecatedTextureEB9CBE3C423008B5E8E130901E171C89 (BGRA8, 128X128)
[2022.03.18-05.15.56:385][  0]LogAudio: Display: Audio Device (ID: 1) registered with world 'Untitled_1'.
[2022.03.18-05.15.56:386][  0]LogAIModule: Creating AISystem for world Untitled_1
[2022.03.18-05.15.56:391][  0]LogEditorServer: Finished looking for orphan Actors (0.000 secs)
[2022.03.18-05.15.56:395][  0]LogUObjectHash: Compacting FUObjectHashTables data took   0.61ms
[2022.03.18-05.15.56:396][  0]Cmd: MAP CHECKDEP NOCLEARLOG
[2022.03.18-05.15.56:396][  0]MapCheck: Map check complete: 0 Error(s), 0 Warning(s), took 0.133ms to complete.
[2022.03.18-05.15.56:396][  0]LogFileHelpers: Loading map 'Template_Default' took 0.065
[2022.03.18-05.15.56:397][  0]LogUnrealEdMisc: Total Editor Startup Time, took 4.678
[2022.03.18-05.15.56:501][  0]LogSlate: Updating window title bar state: overlay mode, drag disabled, window buttons hidden, title bar hidden
[2022.03.18-05.15.56:505][  0]LogSlate: Updating window title bar state: overlay mode, drag disabled, window buttons hidden, title bar hidden
[2022.03.18-05.15.56:509][  0]LogSlate: Updating window title bar state: overlay mode, drag disabled, window buttons hidden, title bar hidden
[2022.03.18-05.15.56:513][  0]LogSlate: Updating window title bar state: overlay mode, drag disabled, window buttons hidden, title bar hidden
[2022.03.18-05.15.56:526][  0]LogNativeClassHierarchy: Verbose: Native class hierarchy populated in 0.0096 seconds. Added 3803 classes and 912 folders.
[2022.03.18-05.15.56:528][  0]LogNativeClassHierarchy: Verbose: Native class hierarchy updated for 'WidgetCarousel' in 0.0002 seconds. Added 0 classes and 0 folders.
[2022.03.18-05.15.56:529][  0]LogPakFile: PakFile PrimaryIndexSize=187
[2022.03.18-05.15.56:529][  0]LogPakFile: PakFile PathHashIndexSize=101
[2022.03.18-05.15.56:529][  0]LogPakFile: PakFile FullDirectoryIndexSize=148
[2022.03.18-05.15.56:530][  0]LogShaderLibrary: Display: ShaderCodeLibraryPakFileMountedCallback: PakFile 'C:/Program Files/Epic Games/UE_4.27/FeaturePacks/FP_FirstPerson.upack' (chunk index -1, root 'root:/') mounted
[2022.03.18-05.15.56:530][  0]LogShaderLibrary: Display: ShaderCodeLibraryPakFileMountedCallback: pending pak file info (ChunkID:-1 Root:root:/ File:C:/Program Files/Epic Games/UE_4.27/FeaturePacks/FP_FirstPerson.upack)
[2022.03.18-05.15.56:530][  0]LogPakFile: OnPakFileMounted2Time == 0.000055
[2022.03.18-05.15.56:530][  0]LogPakFile: PakFile PrimaryIndexSize=189
[2022.03.18-05.15.56:530][  0]LogPakFile: PakFile PathHashIndexSize=101
[2022.03.18-05.15.56:530][  0]LogPakFile: PakFile FullDirectoryIndexSize=152
[2022.03.18-05.15.56:530][  0]LogShaderLibrary: Display: ShaderCodeLibraryPakFileMountedCallback: PakFile 'C:/Program Files/Epic Games/UE_4.27/FeaturePacks/FP_FirstPersonBP.upack' (chunk index -1, root 'root:/') mounted
[2022.03.18-05.15.56:530][  0]LogShaderLibrary: Display: ShaderCodeLibraryPakFileMountedCallback: pending pak file info (ChunkID:-1 Root:root:/ File:C:/Program Files/Epic Games/UE_4.27/FeaturePacks/FP_FirstPersonBP.upack)
[2022.03.18-05.15.56:530][  0]LogPakFile: OnPakFileMounted2Time == 0.000033
[2022.03.18-05.15.56:531][  0]LogPakFile: PakFile PrimaryIndexSize=191
[2022.03.18-05.15.56:531][  0]LogPakFile: PakFile PathHashIndexSize=101
[2022.03.18-05.15.56:531][  0]LogPakFile: PakFile FullDirectoryIndexSize=160
[2022.03.18-05.15.56:531][  0]LogShaderLibrary: Display: ShaderCodeLibraryPakFileMountedCallback: PakFile 'C:/Program Files/Epic Games/UE_4.27/FeaturePacks/MobileStarterContent.upack' (chunk index -1, root 'root:/') mounted
[2022.03.18-05.15.56:531][  0]LogShaderLibrary: Display: ShaderCodeLibraryPakFileMountedCallback: pending pak file info (ChunkID:-1 Root:root:/ File:C:/Program Files/Epic Games/UE_4.27/FeaturePacks/MobileStarterContent.upack)
[2022.03.18-05.15.56:531][  0]LogPakFile: OnPakFileMounted2Time == 0.000030
[2022.03.18-05.15.56:531][  0]LogPakFile: PakFile PrimaryIndexSize=185
[2022.03.18-05.15.56:531][  0]LogPakFile: PakFile PathHashIndexSize=101
[2022.03.18-05.15.56:531][  0]LogPakFile: PakFile FullDirectoryIndexSize=148
[2022.03.18-05.15.56:531][  0]LogShaderLibrary: Display: ShaderCodeLibraryPakFileMountedCallback: PakFile 'C:/Program Files/Epic Games/UE_4.27/FeaturePacks/StarterContent.upack' (chunk index -1, root 'root:/') mounted
[2022.03.18-05.15.56:531][  0]LogShaderLibrary: Display: ShaderCodeLibraryPakFileMountedCallback: pending pak file info (ChunkID:-1 Root:root:/ File:C:/Program Files/Epic Games/UE_4.27/FeaturePacks/StarterContent.upack)
[2022.03.18-05.15.56:531][  0]LogPakFile: OnPakFileMounted2Time == 0.000031
[2022.03.18-05.15.56:532][  0]LogPakFile: PakFile PrimaryIndexSize=190
[2022.03.18-05.15.56:532][  0]LogPakFile: PakFile PathHashIndexSize=101
[2022.03.18-05.15.56:532][  0]LogPakFile: PakFile FullDirectoryIndexSize=154
[2022.03.18-05.15.56:532][  0]LogShaderLibrary: Display: ShaderCodeLibraryPakFileMountedCallback: PakFile 'C:/Program Files/Epic Games/UE_4.27/FeaturePacks/TP_2DSideScroller.upack' (chunk index -1, root 'root:/') mounted
[2022.03.18-05.15.56:532][  0]LogShaderLibrary: Display: ShaderCodeLibraryPakFileMountedCallback: pending pak file info (ChunkID:-1 Root:root:/ File:C:/Program Files/Epic Games/UE_4.27/FeaturePacks/TP_2DSideScroller.upack)
[2022.03.18-05.15.56:532][  0]LogPakFile: OnPakFileMounted2Time == 0.000029
[2022.03.18-05.15.56:532][  0]LogPakFile: PakFile PrimaryIndexSize=192
[2022.03.18-05.15.56:532][  0]LogPakFile: PakFile PathHashIndexSize=101
[2022.03.18-05.15.56:532][  0]LogPakFile: PakFile FullDirectoryIndexSize=158
[2022.03.18-05.15.56:532][  0]LogShaderLibrary: Display: ShaderCodeLibraryPakFileMountedCallback: PakFile 'C:/Program Files/Epic Games/UE_4.27/FeaturePacks/TP_2DSideScrollerBP.upack' (chunk index -1, root 'root:/') mounted
[2022.03.18-05.15.56:532][  0]LogShaderLibrary: Display: ShaderCodeLibraryPakFileMountedCallback: pending pak file info (ChunkID:-1 Root:root:/ File:C:/Program Files/Epic Games/UE_4.27/FeaturePacks/TP_2DSideScrollerBP.upack)
[2022.03.18-05.15.56:532][  0]LogPakFile: OnPakFileMounted2Time == 0.000029
[2022.03.18-05.15.56:533][  0]LogPakFile: PakFile PrimaryIndexSize=182
[2022.03.18-05.15.56:533][  0]LogPakFile: PakFile PathHashIndexSize=101
[2022.03.18-05.15.56:533][  0]LogPakFile: PakFile FullDirectoryIndexSize=138
[2022.03.18-05.15.56:533][  0]LogShaderLibrary: Display: ShaderCodeLibraryPakFileMountedCallback: PakFile 'C:/Program Files/Epic Games/UE_4.27/FeaturePacks/TP_Flying.upack' (chunk index -1, root 'root:/') mounted
[2022.03.18-05.15.56:533][  0]LogShaderLibrary: Display: ShaderCodeLibraryPakFileMountedCallback: pending pak file info (ChunkID:-1 Root:root:/ File:C:/Program Files/Epic Games/UE_4.27/FeaturePacks/TP_Flying.upack)
[2022.03.18-05.15.56:533][  0]LogPakFile: OnPakFileMounted2Time == 0.000028
[2022.03.18-05.15.56:533][  0]LogPakFile: PakFile PrimaryIndexSize=184
[2022.03.18-05.15.56:533][  0]LogPakFile: PakFile PathHashIndexSize=101
[2022.03.18-05.15.56:533][  0]LogPakFile: PakFile FullDirectoryIndexSize=142
[2022.03.18-05.15.56:533][  0]LogShaderLibrary: Display: ShaderCodeLibraryPakFileMountedCallback: PakFile 'C:/Program Files/Epic Games/UE_4.27/FeaturePacks/TP_FlyingBP.upack' (chunk index -1, root 'root:/') mounted
[2022.03.18-05.15.56:533][  0]LogShaderLibrary: Display: ShaderCodeLibraryPakFileMountedCallback: pending pak file info (ChunkID:-1 Root:root:/ File:C:/Program Files/Epic Games/UE_4.27/FeaturePacks/TP_FlyingBP.upack)
[2022.03.18-05.15.56:533][  0]LogPakFile: OnPakFileMounted2Time == 0.000028
[2022.03.18-05.15.56:534][  0]LogPakFile: PakFile PrimaryIndexSize=188
[2022.03.18-05.15.56:534][  0]LogPakFile: PakFile PathHashIndexSize=101
[2022.03.18-05.15.56:534][  0]LogPakFile: PakFile FullDirectoryIndexSize=150
[2022.03.18-05.15.56:534][  0]LogShaderLibrary: Display: ShaderCodeLibraryPakFileMountedCallback: PakFile 'C:/Program Files/Epic Games/UE_4.27/FeaturePacks/TP_HandheldARBP.upack' (chunk index -1, root 'root:/') mounted
[2022.03.18-05.15.56:534][  0]LogShaderLibrary: Display: ShaderCodeLibraryPakFileMountedCallback: pending pak file info (ChunkID:-1 Root:root:/ File:C:/Program Files/Epic Games/UE_4.27/FeaturePacks/TP_HandheldARBP.upack)
[2022.03.18-05.15.56:534][  0]LogPakFile: OnPakFileMounted2Time == 0.000031
[2022.03.18-05.15.56:534][  0]LogPakFile: PakFile PrimaryIndexSize=182
[2022.03.18-05.15.56:534][  0]LogPakFile: PakFile PathHashIndexSize=101
[2022.03.18-05.15.56:534][  0]LogPakFile: PakFile FullDirectoryIndexSize=138
[2022.03.18-05.15.56:534][  0]LogShaderLibrary: Display: ShaderCodeLibraryPakFileMountedCallback: PakFile 'C:/Program Files/Epic Games/UE_4.27/FeaturePacks/TP_Puzzle.upack' (chunk index -1, root 'root:/') mounted
[2022.03.18-05.15.56:534][  0]LogShaderLibrary: Display: ShaderCodeLibraryPakFileMountedCallback: pending pak file info (ChunkID:-1 Root:root:/ File:C:/Program Files/Epic Games/UE_4.27/FeaturePacks/TP_Puzzle.upack)
[2022.03.18-05.15.56:534][  0]LogPakFile: OnPakFileMounted2Time == 0.000028
[2022.03.18-05.15.56:535][  0]LogPakFile: PakFile PrimaryIndexSize=184
[2022.03.18-05.15.56:535][  0]LogPakFile: PakFile PathHashIndexSize=101
[2022.03.18-05.15.56:535][  0]LogPakFile: PakFile FullDirectoryIndexSize=142
[2022.03.18-05.15.56:535][  0]LogShaderLibrary: Display: ShaderCodeLibraryPakFileMountedCallback: PakFile 'C:/Program Files/Epic Games/UE_4.27/FeaturePacks/TP_PuzzleBP.upack' (chunk index -1, root 'root:/') mounted
[2022.03.18-05.15.56:535][  0]LogShaderLibrary: Display: ShaderCodeLibraryPakFileMountedCallback: pending pak file info (ChunkID:-1 Root:root:/ File:C:/Program Files/Epic Games/UE_4.27/FeaturePacks/TP_PuzzleBP.upack)
[2022.03.18-05.15.56:535][  0]LogPakFile: OnPakFileMounted2Time == 0.000029
[2022.03.18-05.15.56:535][  0]LogPakFile: PakFile PrimaryIndexSize=183
[2022.03.18-05.15.56:535][  0]LogPakFile: PakFile PathHashIndexSize=101
[2022.03.18-05.15.56:535][  0]LogPakFile: PakFile FullDirectoryIndexSize=140
[2022.03.18-05.15.56:535][  0]LogShaderLibrary: Display: ShaderCodeLibraryPakFileMountedCallback: PakFile 'C:/Program Files/Epic Games/UE_4.27/FeaturePacks/TP_Rolling.upack' (chunk index -1, root 'root:/') mounted
[2022.03.18-05.15.56:535][  0]LogShaderLibrary: Display: ShaderCodeLibraryPakFileMountedCallback: pending pak file info (ChunkID:-1 Root:root:/ File:C:/Program Files/Epic Games/UE_4.27/FeaturePacks/TP_Rolling.upack)
[2022.03.18-05.15.56:535][  0]LogPakFile: OnPakFileMounted2Time == 0.000028
[2022.03.18-05.15.56:536][  0]LogPakFile: PakFile PrimaryIndexSize=185
[2022.03.18-05.15.56:536][  0]LogPakFile: PakFile PathHashIndexSize=101
[2022.03.18-05.15.56:536][  0]LogPakFile: PakFile FullDirectoryIndexSize=144
[2022.03.18-05.15.56:536][  0]LogShaderLibrary: Display: ShaderCodeLibraryPakFileMountedCallback: PakFile 'C:/Program Files/Epic Games/UE_4.27/FeaturePacks/TP_RollingBP.upack' (chunk index -1, root 'root:/') mounted
[2022.03.18-05.15.56:536][  0]LogShaderLibrary: Display: ShaderCodeLibraryPakFileMountedCallback: pending pak file info (ChunkID:-1 Root:root:/ File:C:/Program Files/Epic Games/UE_4.27/FeaturePacks/TP_RollingBP.upack)
[2022.03.18-05.15.56:536][  0]LogPakFile: OnPakFileMounted2Time == 0.000029
[2022.03.18-05.15.56:536][  0]LogPakFile: PakFile PrimaryIndexSize=188
[2022.03.18-05.15.56:536][  0]LogPakFile: PakFile PathHashIndexSize=101
[2022.03.18-05.15.56:536][  0]LogPakFile: PakFile FullDirectoryIndexSize=150
[2022.03.18-05.15.56:536][  0]LogShaderLibrary: Display: ShaderCodeLibraryPakFileMountedCallback: PakFile 'C:/Program Files/Epic Games/UE_4.27/FeaturePacks/TP_SideScroller.upack' (chunk index -1, root 'root:/') mounted
[2022.03.18-05.15.56:536][  0]LogShaderLibrary: Display: ShaderCodeLibraryPakFileMountedCallback: pending pak file info (ChunkID:-1 Root:root:/ File:C:/Program Files/Epic Games/UE_4.27/FeaturePacks/TP_SideScroller.upack)
[2022.03.18-05.15.56:536][  0]LogPakFile: OnPakFileMounted2Time == 0.000028
[2022.03.18-05.15.56:537][  0]LogPakFile: PakFile PrimaryIndexSize=190
[2022.03.18-05.15.56:537][  0]LogPakFile: PakFile PathHashIndexSize=101
[2022.03.18-05.15.56:537][  0]LogPakFile: PakFile FullDirectoryIndexSize=154
[2022.03.18-05.15.56:537][  0]LogShaderLibrary: Display: ShaderCodeLibraryPakFileMountedCallback: PakFile 'C:/Program Files/Epic Games/UE_4.27/FeaturePacks/TP_SideScrollerBP.upack' (chunk index -1, root 'root:/') mounted
[2022.03.18-05.15.56:537][  0]LogShaderLibrary: Display: ShaderCodeLibraryPakFileMountedCallback: pending pak file info (ChunkID:-1 Root:root:/ File:C:/Program Files/Epic Games/UE_4.27/FeaturePacks/TP_SideScrollerBP.upack)
[2022.03.18-05.15.56:537][  0]LogPakFile: OnPakFileMounted2Time == 0.000034
[2022.03.18-05.15.56:537][  0]LogPakFile: PakFile PrimaryIndexSize=187
[2022.03.18-05.15.56:537][  0]LogPakFile: PakFile PathHashIndexSize=101
[2022.03.18-05.15.56:537][  0]LogPakFile: PakFile FullDirectoryIndexSize=148
[2022.03.18-05.15.56:537][  0]LogShaderLibrary: Display: ShaderCodeLibraryPakFileMountedCallback: PakFile 'C:/Program Files/Epic Games/UE_4.27/FeaturePacks/TP_ThirdPerson.upack' (chunk index -1, root 'root:/') mounted
[2022.03.18-05.15.56:537][  0]LogShaderLibrary: Display: ShaderCodeLibraryPakFileMountedCallback: pending pak file info (ChunkID:-1 Root:root:/ File:C:/Program Files/Epic Games/UE_4.27/FeaturePacks/TP_ThirdPerson.upack)
[2022.03.18-05.15.56:537][  0]LogPakFile: OnPakFileMounted2Time == 0.000030
[2022.03.18-05.15.56:538][  0]LogPakFile: PakFile PrimaryIndexSize=189
[2022.03.18-05.15.56:538][  0]LogPakFile: PakFile PathHashIndexSize=101
[2022.03.18-05.15.56:538][  0]LogPakFile: PakFile FullDirectoryIndexSize=152
[2022.03.18-05.15.56:538][  0]LogShaderLibrary: Display: ShaderCodeLibraryPakFileMountedCallback: PakFile 'C:/Program Files/Epic Games/UE_4.27/FeaturePacks/TP_ThirdPersonBP.upack' (chunk index -1, root 'root:/') mounted
[2022.03.18-05.15.56:538][  0]LogShaderLibrary: Display: ShaderCodeLibraryPakFileMountedCallback: pending pak file info (ChunkID:-1 Root:root:/ File:C:/Program Files/Epic Games/UE_4.27/FeaturePacks/TP_ThirdPersonBP.upack)
[2022.03.18-05.15.56:538][  0]LogPakFile: OnPakFileMounted2Time == 0.000029
[2022.03.18-05.15.56:538][  0]LogPakFile: PakFile PrimaryIndexSize=183
[2022.03.18-05.15.56:538][  0]LogPakFile: PakFile PathHashIndexSize=101
[2022.03.18-05.15.56:538][  0]LogPakFile: PakFile FullDirectoryIndexSize=140
[2022.03.18-05.15.56:538][  0]LogShaderLibrary: Display: ShaderCodeLibraryPakFileMountedCallback: PakFile 'C:/Program Files/Epic Games/UE_4.27/FeaturePacks/TP_TopDown.upack' (chunk index -1, root 'root:/') mounted
[2022.03.18-05.15.56:538][  0]LogShaderLibrary: Display: ShaderCodeLibraryPakFileMountedCallback: pending pak file info (ChunkID:-1 Root:root:/ File:C:/Program Files/Epic Games/UE_4.27/FeaturePacks/TP_TopDown.upack)
[2022.03.18-05.15.56:538][  0]LogPakFile: OnPakFileMounted2Time == 0.000034
[2022.03.18-05.15.56:539][  0]LogPakFile: PakFile PrimaryIndexSize=185
[2022.03.18-05.15.56:539][  0]LogPakFile: PakFile PathHashIndexSize=101
[2022.03.18-05.15.56:539][  0]LogPakFile: PakFile FullDirectoryIndexSize=144
[2022.03.18-05.15.56:539][  0]LogShaderLibrary: Display: ShaderCodeLibraryPakFileMountedCallback: PakFile 'C:/Program Files/Epic Games/UE_4.27/FeaturePacks/TP_TopDownBP.upack' (chunk index -1, root 'root:/') mounted
[2022.03.18-05.15.56:539][  0]LogShaderLibrary: Display: ShaderCodeLibraryPakFileMountedCallback: pending pak file info (ChunkID:-1 Root:root:/ File:C:/Program Files/Epic Games/UE_4.27/FeaturePacks/TP_TopDownBP.upack)
[2022.03.18-05.15.56:539][  0]LogPakFile: OnPakFileMounted2Time == 0.000031
[2022.03.18-05.15.56:539][  0]LogPakFile: PakFile PrimaryIndexSize=185
[2022.03.18-05.15.56:539][  0]LogPakFile: PakFile PathHashIndexSize=101
[2022.03.18-05.15.56:539][  0]LogPakFile: PakFile FullDirectoryIndexSize=144
[2022.03.18-05.15.56:539][  0]LogShaderLibrary: Display: ShaderCodeLibraryPakFileMountedCallback: PakFile 'C:/Program Files/Epic Games/UE_4.27/FeaturePacks/TP_TwinStick.upack' (chunk index -1, root 'root:/') mounted
[2022.03.18-05.15.56:539][  0]LogShaderLibrary: Display: ShaderCodeLibraryPakFileMountedCallback: pending pak file info (ChunkID:-1 Root:root:/ File:C:/Program Files/Epic Games/UE_4.27/FeaturePacks/TP_TwinStick.upack)
[2022.03.18-05.15.56:539][  0]LogPakFile: OnPakFileMounted2Time == 0.000028
[2022.03.18-05.15.56:540][  0]LogPakFile: PakFile PrimaryIndexSize=187
[2022.03.18-05.15.56:540][  0]LogPakFile: PakFile PathHashIndexSize=101
[2022.03.18-05.15.56:540][  0]LogPakFile: PakFile FullDirectoryIndexSize=148
[2022.03.18-05.15.56:540][  0]LogShaderLibrary: Display: ShaderCodeLibraryPakFileMountedCallback: PakFile 'C:/Program Files/Epic Games/UE_4.27/FeaturePacks/TP_TwinStickBP.upack' (chunk index -1, root 'root:/') mounted
[2022.03.18-05.15.56:540][  0]LogShaderLibrary: Display: ShaderCodeLibraryPakFileMountedCallback: pending pak file info (ChunkID:-1 Root:root:/ File:C:/Program Files/Epic Games/UE_4.27/FeaturePacks/TP_TwinStickBP.upack)
[2022.03.18-05.15.56:540][  0]LogPakFile: OnPakFileMounted2Time == 0.000028
[2022.03.18-05.15.56:540][  0]LogPakFile: PakFile PrimaryIndexSize=183
[2022.03.18-05.15.56:540][  0]LogPakFile: PakFile PathHashIndexSize=101
[2022.03.18-05.15.56:540][  0]LogPakFile: PakFile FullDirectoryIndexSize=140
[2022.03.18-05.15.56:540][  0]LogShaderLibrary: Display: ShaderCodeLibraryPakFileMountedCallback: PakFile 'C:/Program Files/Epic Games/UE_4.27/FeaturePacks/TP_Vehicle.upack' (chunk index -1, root 'root:/') mounted
[2022.03.18-05.15.56:540][  0]LogShaderLibrary: Display: ShaderCodeLibraryPakFileMountedCallback: pending pak file info (ChunkID:-1 Root:root:/ File:C:/Program Files/Epic Games/UE_4.27/FeaturePacks/TP_Vehicle.upack)
[2022.03.18-05.15.56:540][  0]LogPakFile: OnPakFileMounted2Time == 0.000028
[2022.03.18-05.15.56:541][  0]LogPakFile: PakFile PrimaryIndexSize=186
[2022.03.18-05.15.56:541][  0]LogPakFile: PakFile PathHashIndexSize=101
[2022.03.18-05.15.56:541][  0]LogPakFile: PakFile FullDirectoryIndexSize=146
[2022.03.18-05.15.56:541][  0]LogShaderLibrary: Display: ShaderCodeLibraryPakFileMountedCallback: PakFile 'C:/Program Files/Epic Games/UE_4.27/FeaturePacks/TP_VehicleAdv.upack' (chunk index -1, root 'root:/') mounted
[2022.03.18-05.15.56:541][  0]LogShaderLibrary: Display: ShaderCodeLibraryPakFileMountedCallback: pending pak file info (ChunkID:-1 Root:root:/ File:C:/Program Files/Epic Games/UE_4.27/FeaturePacks/TP_VehicleAdv.upack)
[2022.03.18-05.15.56:541][  0]LogPakFile: OnPakFileMounted2Time == 0.000033
[2022.03.18-05.15.56:541][  0]LogPakFile: PakFile PrimaryIndexSize=188
[2022.03.18-05.15.56:541][  0]LogPakFile: PakFile PathHashIndexSize=101
[2022.03.18-05.15.56:541][  0]LogPakFile: PakFile FullDirectoryIndexSize=150
[2022.03.18-05.15.56:541][  0]LogShaderLibrary: Display: ShaderCodeLibraryPakFileMountedCallback: PakFile 'C:/Program Files/Epic Games/UE_4.27/FeaturePacks/TP_VehicleAdvBP.upack' (chunk index -1, root 'root:/') mounted
[2022.03.18-05.15.56:541][  0]LogShaderLibrary: Display: ShaderCodeLibraryPakFileMountedCallback: pending pak file info (ChunkID:-1 Root:root:/ File:C:/Program Files/Epic Games/UE_4.27/FeaturePacks/TP_VehicleAdvBP.upack)
[2022.03.18-05.15.56:541][  0]LogPakFile: OnPakFileMounted2Time == 0.000028
[2022.03.18-05.15.56:542][  0]LogPakFile: PakFile PrimaryIndexSize=185
[2022.03.18-05.15.56:542][  0]LogPakFile: PakFile PathHashIndexSize=101
[2022.03.18-05.15.56:542][  0]LogPakFile: PakFile FullDirectoryIndexSize=144
[2022.03.18-05.15.56:542][  0]LogShaderLibrary: Display: ShaderCodeLibraryPakFileMountedCallback: PakFile 'C:/Program Files/Epic Games/UE_4.27/FeaturePacks/TP_VehicleBP.upack' (chunk index -1, root 'root:/') mounted
[2022.03.18-05.15.56:542][  0]LogShaderLibrary: Display: ShaderCodeLibraryPakFileMountedCallback: pending pak file info (ChunkID:-1 Root:root:/ File:C:/Program Files/Epic Games/UE_4.27/FeaturePacks/TP_VehicleBP.upack)
[2022.03.18-05.15.56:542][  0]LogPakFile: OnPakFileMounted2Time == 0.000029
[2022.03.18-05.15.56:542][  0]LogPakFile: PakFile PrimaryIndexSize=192
[2022.03.18-05.15.56:542][  0]LogPakFile: PakFile PathHashIndexSize=101
[2022.03.18-05.15.56:542][  0]LogPakFile: PakFile FullDirectoryIndexSize=158
[2022.03.18-05.15.56:542][  0]LogShaderLibrary: Display: ShaderCodeLibraryPakFileMountedCallback: PakFile 'C:/Program Files/Epic Games/UE_4.27/FeaturePacks/TP_VirtualRealityBP.upack' (chunk index -1, root 'root:/') mounted
[2022.03.18-05.15.56:542][  0]LogShaderLibrary: Display: ShaderCodeLibraryPakFileMountedCallback: pending pak file info (ChunkID:-1 Root:root:/ File:C:/Program Files/Epic Games/UE_4.27/FeaturePacks/TP_VirtualRealityBP.upack)
[2022.03.18-05.15.56:542][  0]LogPakFile: OnPakFileMounted2Time == 0.000028
[2022.03.18-05.15.56:581][  0]LogNativeClassHierarchy: Verbose: Native class hierarchy updated for 'AddContentDialog' in 0.0002 seconds. Added 0 classes and 0 folders.
[2022.03.18-05.15.56:584][  0]LogNativeClassHierarchy: Verbose: Native class hierarchy updated for 'SceneOutliner' in 0.0001 seconds. Added 2 classes and 0 folders.
[2022.03.18-05.15.56:601][  0]LogSlate: Took 0.000110 seconds to synchronously load lazily loaded font '../../../Engine/Content/Slate/Fonts/Roboto-Regular.ttf' (155K)
[2022.03.18-05.15.56:602][  0]LogSlate: Took 0.000092 seconds to synchronously load lazily loaded font '../../../Engine/Content/Editor/Slate/Fonts/FontAwesome.ttf' (139K)
[2022.03.18-05.15.56:604][  0]LogSlate: Took 0.000095 seconds to synchronously load lazily loaded font '../../../Engine/Content/Slate/Fonts/Roboto-Bold.ttf' (160K)
[2022.03.18-05.15.56:678][  0]LogRenderer: Reallocating scene render targets to support 1484x604 Format 10 NumSamples 1 (Frame:1).
[2022.03.18-05.15.56:746][  0]LogNativeClassHierarchy: Verbose: Native class hierarchy updated for 'HierarchicalLODOutliner' in 0.0003 seconds. Added 0 classes and 0 folders.
[2022.03.18-05.15.56:746][  0]LogLoad: (Engine Initialization) Total time: 5.03 seconds
[2022.03.18-05.15.56:746][  0]LogLoad: (Engine Initialization) Total Blueprint compile time: 0.00 seconds
[2022.03.18-05.15.56:776][  0]LogAssetRegistry: Asset discovery search completed in 2.6066 seconds
[2022.03.18-05.15.56:780][  0]LogCollectionManager: Fixed up redirectors for 0 collections in 0.000003 seconds (updated 0 objects)
[2022.03.18-05.15.56:781][  0]LogContentStreaming: Texture pool size now 1000 MB
[2022.03.18-05.16.04:059][855]LogSlate: Took 0.000123 seconds to synchronously load lazily loaded font '../../../Engine/Content/Slate/Fonts/Roboto-Light.ttf' (167K)
[2022.03.18-05.16.05:316][  4]LogUObjectHash: Compacting FUObjectHashTables data took   0.56ms
[2022.03.18-05.16.05:317][  4]Cmd: MAP LOAD FILE="../../../../../../Users/emrantokhi/Documents/School/Self Learning/unreal/unreal-games/ToonTanks/Content/Maps/Main.umap" TEMPLATE=0 SHOWPROGRESS=1 FEATURELEVEL=3
[2022.03.18-05.16.05:320][  4]LogSlate: Took 0.000087 seconds to synchronously load lazily loaded font '../../../Engine/Content/Slate/Fonts/Roboto-Light.ttf' (167K)
[2022.03.18-05.16.05:329][  4]LightingResults: New page: Lighting Build
[2022.03.18-05.16.05:329][  4]LoadErrors: New page: Loading map: Main.umap
[2022.03.18-05.16.05:369][  4]LogWorld: UWorld::CleanupWorld for Untitled_1, bSessionEnded=true, bCleanupResources=true
[2022.03.18-05.16.05:369][  4]LogSlate: InvalidateAllWidgets triggered.  All widgets were invalidated
[2022.03.18-05.16.05:369][  4]MapCheck: New page: Map Check
[2022.03.18-05.16.05:369][  4]LightingResults: New page: Lighting Build
[2022.03.18-05.16.05:372][  4]LogAudio: Display: Audio Device unregistered from world 'None'.
[2022.03.18-05.16.05:374][  4]LogUObjectHash: Compacting FUObjectHashTables data took   0.54ms
[2022.03.18-05.16.05:397][  4]LogAudio: Display: Audio Device (ID: 1) registered with world 'Main'.
[2022.03.18-05.16.05:398][  4]LogAIModule: Creating AISystem for world Main
[2022.03.18-05.16.05:400][  4]LogEditorServer: Finished looking for orphan Actors (0.000 secs)
[2022.03.18-05.16.05:404][  4]LogUObjectHash: Compacting FUObjectHashTables data took   0.51ms
[2022.03.18-05.16.05:416][  4]Cmd: MAP CHECKDEP NOCLEARLOG
[2022.03.18-05.16.05:416][  4]MapCheck: Map check complete: 0 Error(s), 0 Warning(s), took 0.105ms to complete.
[2022.03.18-05.16.05:416][  4]LogFileHelpers: Loading map 'Main' took 0.099
[2022.03.18-05.16.05:417][  4]LogSlate: Window 'Open Level' being destroyed
[2022.03.18-05.16.15:925][253]LogSlate: Window 'Open Level' being destroyed
